********************************************************************************
* Unified simulation Tcl App stack trace dump
*
* File: .usf.tcl_error.log (Thu Apr  6 11:57:39 2023)
*
* This file is generated by the unified simulation automation and contains the
* tcl stack trace of error returned by the simulator App for the current run.
*
********************************************************************************

    while executing
"get_files -quiet -compile_order sources -used_in simulation -filter $c_filter -of_objects [current_fileset -simset]"
    (procedure "xcs_get_c_files" line 8)
    invoked from within
"xcs_get_c_files $sc_filter $a_sim_vars(b_int_csim_compile_order)"
    (procedure "usf_get_files_for_compilation_behav_sim" line 199)
    invoked from within
"usf_get_files_for_compilation_behav_sim $global_files_str"
    (procedure "::tclapp::xilinx::xsim::usf_get_files_for_compilation" line 16)
    invoked from within
"::tclapp::xilinx::xsim::usf_get_files_for_compilation global_files_str"
    (procedure "usf_xsim_setup_simulation" line 111)
    invoked from within
"usf_xsim_setup_simulation"
    (procedure "tclapp::xilinx::xsim::setup" line 19)
    invoked from within
"tclapp::xilinx::xsim::setup { -simset sim_1 -mode behavioral -run_dir C:/Users/240598/Documents/digital-electronics-1-project/project/project.sim/sim_..."
