#-----------------------------------------------------------
# Vivado v2020.2 (64-bit)
# SW Build 3064766 on Wed Nov 18 09:12:45 MST 2020
# IP Build 3064653 on Wed Nov 18 14:17:31 MST 2020
# Start of session at: Thu Apr  6 19:39:07 2023
# Process ID: 4748
# Current directory: C:/Users/marou/OneDrive - Vysoké uèení technické v Brnì/EKT-2-Leto/BPC-DE1/digital-electronics-1-project/project
# Command line: vivado.exe -gui_launcher_event rodinguilauncherevent15444 C:\Users\marou\OneDrive - Vysoké uèení technické v Brnì\EKT-2-Leto\BPC-DE1\digital-electronics-1-project\project\project.xpr
# Log file: C:/Users/marou/OneDrive - Vysoké uèení technické v Brnì/EKT-2-Leto/BPC-DE1/digital-electronics-1-project/project/vivado.log
# Journal file: C:/Users/marou/OneDrive - Vysoké uèení technické v Brnì/EKT-2-Leto/BPC-DE1/digital-electronics-1-project/project\vivado.jou
#-----------------------------------------------------------
start_gui
open_project {C:/Users/marou/OneDrive - Vysoké uèení technické v Brnì/EKT-2-Leto/BPC-DE1/digital-electronics-1-project/project/project.xpr}
INFO: [ProjectBase 1-489] The host OS only allows 260 characters in a normal path. The project is stored in a path with more than 80 characters. If you experience issues with IP, Block Designs, or files not being found, please consider moving the project to a location with a shorter path. Alternately consider using the OS subst command to map part of the path to a drive letter.
Current project path is 'C:/Users/marou/OneDrive - Vysoké uèení technické v Brnì/EKT-2-Leto/BPC-DE1/digital-electronics-1-project/project'
INFO: [Project 1-313] Project file moved from 'C:/Users/240598/Documents/digital-electronics-1-project/project' since last save.
WARNING: [filemgmt 56-2] Default IP Output Path : Could not find the directory 'C:/Users/marou/OneDrive - Vysoké uèení technické v Brnì/EKT-2-Leto/BPC-DE1/digital-electronics-1-project/project/project.gen/sources_1', nor could it be found using path 'C:/Users/240598/Documents/digital-electronics-1-project/project/project.gen/sources_1'.
Scanning sources...
Finished scanning sources
WARNING: [Project 1-509] GeneratedRun file for 'impl_1' not found
CRITICAL WARNING: [Board 49-67] The board_part definition was not found for digilentinc.com:nexys-a7-50t:part0:1.2. This can happen sometimes when you use custom board part. You can resolve this issue by setting 'board.repoPaths' parameter, pointing to the location of custom board files. Valid board_part values can be retrieved with the 'get_board_parts' Tcl command.
INFO: [IP_Flow 19-234] Refreshing IP repositories
INFO: [IP_Flow 19-1704] No user IP repositories specified
INFO: [IP_Flow 19-2313] Loaded Vivado IP repository 'C:/Xilinx/Vivado/2020.2/data/ip'.
open_project: Time (s): cpu = 00:00:07 ; elapsed = 00:00:05 . Memory (MB): peak = 1014.605 ; gain = 0.000
update_compile_order -fileset sources_1
reset_run impl_1
exit
INFO: [Common 17-206] Exiting Vivado at Thu Apr  6 19:42:35 2023...
