#
# A fatal error has been detected by the Java Runtime Environment:
#
#  EXCEPTION_ACCESS_VIOLATION (0xc0000005) at pc=0x00007ff8b0583b40, pid=10808, tid=7308
#
# JRE version: OpenJDK Runtime Environment (11.0.2+9) (build 11.0.2+9)
# Java VM: OpenJDK 64-Bit Server VM (11.0.2+9, mixed mode, tiered, compressed oops, g1 gc, windows-amd64)
# Problematic frame:
# C  [librdi_runsbase.dll+0x23b40]
#
# No core dump will be written. Minidumps are not enabled by default on client versions of Windows
#
# If you would like to submit a bug report, please visit:
#   http://bugreport.java.com/bugreport/crash.jsp
# The crash happened outside the Java Virtual Machine in native code.
# See problematic frame for where to report the bug.
#

---------------  S U M M A R Y ------------

Command Line: -Dsun.java2d.pmoffscreen=false -Dhttps.protocols=TLSv1,TLSv1.1,TLSv1.2 -Dsun.java2d.xrender=false -Dsun.java2d.d3d=false -Dsun.awt.nopixfmt=true -Dsun.java2d.dpiaware=true -Dsun.java2d.uiScale.enabled=false -Xverify:none -Dswing.aatext=true -XX:-UsePerfData -Djdk.map.althashing.threshold=512 -XX:StringTableSize=4072 --add-opens=java.base/java.nio=ALL-UNNAMED --add-opens=java.desktop/sun.swing=ALL-UNNAMED --add-opens=java.desktop/javax.swing=ALL-UNNAMED --add-opens=java.desktop/javax.swing.tree=ALL-UNNAMED --add-opens=java.desktop/javax.swing.plaf.basic=ALL-UNNAMED --add-opens=java.desktop/javax.swing.plaf.synth=ALL-UNNAMED --add-opens=java.desktop/com.sun.awt=ALL-UNNAMED -XX:NewSize=60m -XX:MaxNewSize=60m -Xms128m -Xmx3072m -Xss5m 

Host: Intel(R) Core(TM) i3-9100 CPU @ 3.60GHz, 4 cores, 7G,  Windows 10 , 64 bit Build 19041 (10.0.19041.2788)
Time: Thu Apr 27 11:49:38 2023 Central Europe Daylight Time elapsed time: 2438 seconds (0d 0h 40m 38s)

---------------  T H R E A D  ---------------

Current thread (0x000002094f359000):  JavaThread "Update Runs Swing Worker Thread" [_thread_in_native, id=7308, stack(0x0000009665200000,0x0000009665700000)]

Stack: [0x0000009665200000,0x0000009665700000],  sp=0x00000096656fedc8,  free space=5115k
Native frames: (J=compiled Java code, j=interpreted, Vv=VM code, C=native code)
C  [librdi_runsbase.dll+0x23b40]

Java frames: (J=compiled Java code, j=interpreted, Vv=VM code)
J 18264  ui.project.projecti.HAPRRunMgr_updateAllRuns(J)V (0 bytes) @ 0x000002090fec8391 [0x000002090fec8340+0x0000000000000051]
J 18263 c1 ui.data.experiment.D.czB()V (22 bytes) @ 0x000002090881095c [0x00000209088108e0+0x000000000000007c]
j  ui.data.experiment.F.aOt()Ljava/lang/Object;+47
j  ui.frmwork.y.run()V+23
j  java.lang.Thread.run()V+11 java.base@11.0.2
v  ~StubRoutines::call_stub

siginfo: EXCEPTION_ACCESS_VIOLATION (0xc0000005), reading address 0x0000000000000028


Register to memory mapping:

RIP=0x00007ff8b0583b40 librdi_runsbase.dll
RAX=0x0000000000000001 is an unknown value
RBX=0x000002094d2ddf70 points into unknown readable memory: 4e 6f 74 20 53 74 61 72
RCX=0x0 is NULL
RDX=0x000002093cb00000 points into unknown readable memory: 00 00 00 00 00 00 00 00
RSP=0x00000096656fedc8 is pointing into the stack for thread: 0x000002094f359000
RBP=0x00000096656feed0 is pointing into the stack for thread: 0x000002094f359000
RSI=0x000002094d2d9b60 points into unknown readable memory: a0 80 34 9f 09 02 00 00
RDI=0x00000209415f22d0 points into unknown readable memory: f0 49 a2 b0 f8 7f 00 00
R8 =0x000002093cc099c0 points into unknown readable memory: 50 0d c0 3c 09 02 00 00
R9 =0x0000000000000001 is an unknown value
R10=0x0000000000008000 is an unknown value
R11=0x00000096656feb60 is pointing into the stack for thread: 0x000002094f359000
R12=0x0000000000000009 is an unknown value
R13=0x00007ff8b0a1b1e0 librdi_bitstream.dll
R14=0x0000020949b759d0 points into unknown readable memory: 48 ca a1 b0 f8 7f 00 00
R15=0x0 is NULL


Registers:
RAX=0x0000000000000001, RBX=0x000002094d2ddf70, RCX=0x0000000000000000, RDX=0x000002093cb00000
RSP=0x00000096656fedc8, RBP=0x00000096656feed0, RSI=0x000002094d2d9b60, RDI=0x00000209415f22d0
R8 =0x000002093cc099c0, R9 =0x0000000000000001, R10=0x0000000000008000, R11=0x00000096656feb60
R12=0x0000000000000009, R13=0x00007ff8b0a1b1e0, R14=0x0000020949b759d0, R15=0x0000000000000000
RIP=0x00007ff8b0583b40, EFLAGS=0x0000000000010206

Top of Stack: (sp=0x00000096656fedc8)
0x00000096656fedc8:   00007ff8b072198e 000002094d2ddf70
0x00000096656fedd8:   0000020949b75a70 000002094d2ddf70
0x00000096656fede8:   0000000000000000 0000000000000000
0x00000096656fedf8:   0000000000000003 00000000bf67954c
0x00000096656fee08:   00007ff939595ba1 644a43134670bd10
0x00000096656fee18:   00007ff800000003 0000000000000000
0x00000096656fee28:   000002099fa26cc0 000002094d2dde10
0x00000096656fee38:   00007ff93725cbcc 000002094670bd10
0x00000096656fee48:   000002090000027e 0000000000000000
0x00000096656fee58:   00007ff93959b86b 00000000005900ee
0x00000096656fee68:   000000000000008b 0000020999a81240
0x00000096656fee78:   0000000000000003 000002094d2ddf70
0x00000096656fee88:   00000096656ff2e0 0000796000000000
0x00000096656fee98:   000002093cc081c0 fffffffffffffffe
0x00000096656feea8:   000002093cc00000 000002093cc002c0
0x00000096656feeb8:   000002094d2dde10 0000000000000080 

Instructions: (pc=0x00007ff8b0583b40)
0x00007ff8b0583b20:   24 a0 00 00 00 49 8b 5b 20 49 8b 73 28 49 8b e3
0x00007ff8b0583b30:   5f c3 cc cc cc cc cc cc cc cc cc cc cc cc cc cc
0x00007ff8b0583b40:   48 8b 41 28 c3 cc cc cc cc cc cc cc cc cc cc cc
0x00007ff8b0583b50:   48 89 5c 24 08 48 89 74 24 10 57 48 83 ec 20 48 


Stack slot to memory mapping:
stack at sp + 0 slots: 0x00007ff8b072198e librdi_runs.dll
stack at sp + 1 slots: 0x000002094d2ddf70 points into unknown readable memory: 4e 6f 74 20 53 74 61 72
stack at sp + 2 slots: 0x0000020949b75a70 points into unknown readable memory: 02 01 00 00 6d 6f 64 65
stack at sp + 3 slots: 0x000002094d2ddf70 points into unknown readable memory: 4e 6f 74 20 53 74 61 72
stack at sp + 4 slots: 0x0 is NULL
stack at sp + 5 slots: 0x0 is NULL
stack at sp + 6 slots: 0x0000000000000003 is an unknown value
stack at sp + 7 slots: 0x00000000bf67954c is an unknown value


---------------  P R O C E S S  ---------------

Threads class SMR info:
_java_thread_list=0x000002099184d920, length=36, elements={
0x0000020941638000, 0x000002095f962800, 0x000002095d875000, 0x000002095feb4000,
0x000002095cca2800, 0x000002095f52e800, 0x000002095d948800, 0x000002095d949800,
0x00000209789c4000, 0x000002095cf95000, 0x0000020979267800, 0x00000209792d1000,
0x0000020978d3a800, 0x0000020978e78800, 0x000002094812e000, 0x000002094825f000,
0x0000020948571800, 0x00000209489fb000, 0x0000020948108800, 0x0000020948109800,
0x0000020948103800, 0x0000020948105800, 0x0000020948107800, 0x0000020948104800,
0x000002094f353800, 0x000002094f355800, 0x000002094f356800, 0x000002094f357800,
0x000002094f359000, 0x000002094f35a800, 0x000002094f35d000, 0x000002094f35e800,
0x000002094f35a000, 0x000002094f354000, 0x000002094f35b800, 0x000002094f35e000
}

Java Threads: ( => current thread )
  0x0000020941638000 JavaThread "main" [_thread_blocked, id=12648, stack(0x000000965af00000,0x000000965b000000)]
  0x000002095f962800 JavaThread "Reference Handler" daemon [_thread_blocked, id=12584, stack(0x000000965b600000,0x000000965bb00000)]
  0x000002095d875000 JavaThread "Finalizer" daemon [_thread_blocked, id=12676, stack(0x000000965bb00000,0x000000965c000000)]
  0x000002095feb4000 JavaThread "Signal Dispatcher" daemon [_thread_blocked, id=12608, stack(0x000000965c000000,0x000000965c500000)]
  0x000002095cca2800 JavaThread "Attach Listener" daemon [_thread_blocked, id=8800, stack(0x000000965c500000,0x000000965ca00000)]
  0x000002095f52e800 JavaThread "C2 CompilerThread0" daemon [_thread_in_native, id=9144, stack(0x000000965ca00000,0x000000965cb00000)]
  0x000002095d948800 JavaThread "C1 CompilerThread0" daemon [_thread_blocked, id=11592, stack(0x000000965cb00000,0x000000965cc00000)]
  0x000002095d949800 JavaThread "Sweeper thread" daemon [_thread_blocked, id=9084, stack(0x000000965cc00000,0x000000965d100000)]
  0x00000209789c4000 JavaThread "Common-Cleaner" daemon [_thread_blocked, id=11360, stack(0x000000965d100000,0x000000965d600000)]
  0x000002095cf95000 JavaThread "Service Thread" daemon [_thread_blocked, id=10756, stack(0x000000965d600000,0x000000965db00000)]
  0x0000020979267800 JavaThread "Java2D Disposer" daemon [_thread_blocked, id=10784, stack(0x000000965dc00000,0x000000965e100000)]
  0x00000209792d1000 JavaThread "AWT-Shutdown" [_thread_blocked, id=10520, stack(0x000000965e100000,0x000000965e600000)]
  0x0000020978d3a800 JavaThread "AWT-Windows" daemon [_thread_in_native, id=10300, stack(0x000000965e600000,0x000000965eb00000)]
  0x0000020978e78800 JavaThread "TimerQueue" daemon [_thread_blocked, id=11268, stack(0x000000965ec00000,0x000000965f100000)]
  0x000002094812e000 JavaThread "AWT-EventQueue-0" [_thread_in_vm, id=10776, stack(0x000000965f600000,0x000000965fb00000)]
  0x000002094825f000 JavaThread "Thread-1" [_thread_in_native, id=10676, stack(0x0000009659800000,0x000000965ac00000)]
  0x0000020948571800 JavaThread "Process Messages Thread" [_thread_blocked, id=10768, stack(0x0000009660000000,0x0000009660500000)]
  0x00000209489fb000 JavaThread "Batik CleanerThread" daemon [_thread_blocked, id=3280, stack(0x000000965fb00000,0x0000009660000000)]
  0x0000020948108800 JavaThread "SyntheticaCleanerThread" daemon [_thread_blocked, id=11996, stack(0x0000009661200000,0x0000009661700000)]
  0x0000020948109800 JavaThread "Monitor HEventQueue Thread" [_thread_blocked, id=2772, stack(0x0000009661a00000,0x0000009661f00000)]
  0x0000020948103800 JavaThread "SyntheticaAnimation 50" daemon [_thread_blocked, id=7288, stack(0x0000009661f00000,0x0000009662400000)]
  0x0000020948105800 JavaThread "SyntheticaAnimation 25" daemon [_thread_blocked, id=11572, stack(0x0000009662500000,0x0000009662a00000)]
  0x0000020948107800 JavaThread "SyntheticaAnimation 70" daemon [_thread_blocked, id=2068, stack(0x0000009662f00000,0x0000009663400000)]
  0x0000020948104800 JavaThread "Refresh Filesets Swing Worker Thread" [_thread_blocked, id=2276, stack(0x0000009663400000,0x0000009663900000)]
  0x000002094f353800 JavaThread "hw_ila_monitor" [_thread_blocked, id=13112, stack(0x0000009663900000,0x0000009663e00000)]
  0x000002094f355800 JavaThread "pool-2-thread-1" [_thread_blocked, id=11056, stack(0x0000009663e00000,0x0000009664300000)]
  0x000002094f356800 JavaThread "pool-3-thread-1" [_thread_blocked, id=12220, stack(0x0000009664300000,0x0000009664800000)]
  0x000002094f357800 JavaThread "pool-4-thread-1" [_thread_blocked, id=12208, stack(0x0000009664800000,0x0000009664d00000)]
=>0x000002094f359000 JavaThread "Update Runs Swing Worker Thread" [_thread_in_native, id=7308, stack(0x0000009665200000,0x0000009665700000)]
  0x000002094f35a800 JavaThread "Image Animator 3" daemon [_thread_blocked, id=8872, stack(0x000000965f100000,0x000000965f600000)]
  0x000002094f35d000 JavaThread "SyntheticaAnimation 50" daemon [_thread_blocked, id=7940, stack(0x0000009664d00000,0x0000009665200000)]
  0x000002094f35e800 JavaThread "Swing-Shell" daemon [_thread_blocked, id=12392, stack(0x0000009665800000,0x0000009665d00000)]
  0x000002094f35a000 JavaThread "Timer-1" [_thread_blocked, id=4244, stack(0x0000009660900000,0x0000009660e00000)]
  0x000002094f354000 JavaThread "Image Animator 0" daemon [_thread_blocked, id=5428, stack(0x0000009666800000,0x0000009666d00000)]
  0x000002094f35b800 JavaThread "Resetting Runs Thread" [_thread_blocked, id=12492, stack(0x0000009666100000,0x0000009666600000)]
  0x000002094f35e000 JavaThread "C2 CompilerThread1" daemon [_thread_in_native, id=3912, stack(0x0000009660e00000,0x0000009660f00000)]

Other Threads:
  0x000002095f962000 VMThread "VM Thread" [stack: 0x000000965b500000,0x000000965b600000] [id=12612]
  0x0000020978a55800 WatcherThread [stack: 0x000000965db00000,0x000000965dc00000] [id=1716]
  0x0000020941365000 GCTaskThread "GC Thread#0" [stack: 0x000000965b000000,0x000000965b100000] [id=12564]
  0x00000209489d0800 GCTaskThread "GC Thread#1" [stack: 0x0000009659700000,0x0000009659800000] [id=9492]
  0x00000209489d0000 GCTaskThread "GC Thread#2" [stack: 0x0000009660500000,0x0000009660600000] [id=9552]
  0x00000209489ce800 GCTaskThread "GC Thread#3" [stack: 0x0000009660600000,0x0000009660700000] [id=11160]
  0x000002095ff5e000 ConcurrentGCThread "G1 Main Marker" [stack: 0x000000965b100000,0x000000965b200000] [id=12572]
  0x000002095f4cf800 ConcurrentGCThread "G1 Conc#0" [stack: 0x000000965b200000,0x000000965b300000] [id=12576]
  0x000002095c734800 ConcurrentGCThread "G1 Refine#0" [stack: 0x000000965b300000,0x000000965b400000] [id=12580]
  0x0000020948823800 ConcurrentGCThread "G1 Refine#1" [stack: 0x0000009660700000,0x0000009660800000] [id=10184]
  0x00000209499f5800 ConcurrentGCThread "G1 Refine#2" [stack: 0x0000009662400000,0x0000009662500000] [id=2196]
  0x000002095f4d0800 ConcurrentGCThread "G1 Young RemSet Sampling" [stack: 0x000000965b400000,0x000000965b500000] [id=12588]

Threads with active compile tasks:
C2 CompilerThread022128   !   4       com.jidesoft.grid.CellSpanTable::getCellSpanAt (499 bytes)
C2 CompilerThread122126       4       com.jidesoft.grid.ContextSensitiveTable::getCellRenderer (133 bytes)

VM state:not at safepoint (normal execution)

VM Mutex/Monitor currently owned by a thread: None

Heap address: 0x0000000740000000, size: 3072 MB, Compressed Oops mode: Zero based, Oop shift amount: 3
Narrow klass base: 0x0000000800000000, Narrow klass shift: 0
Compressed class space size: 1073741824 Address: 0x0000000800000000

Heap:
 garbage-first heap   total 189440K, used 98455K [0x0000000740000000, 0x0000000800000000)
  region size 1024K, 7 young (7168K), 3 survivors (3072K)
 Metaspace       used 96997K, capacity 99772K, committed 99932K, reserved 1134592K
  class space    used 13279K, capacity 14513K, committed 14604K, reserved 1048576K
Heap Regions: E=young(eden), S=young(survivor), O=old, HS=humongous(starts), HC=humongous(continues), CS=collection set, F=free, A=archive, TAMS=top-at-mark-start (previous, next)
|   0|0x0000000740000000, 0x0000000740100000, 0x0000000740100000|100%|HS|  |TAMS 0x0000000740100000, 0x0000000740000000| Complete 
|   1|0x0000000740100000, 0x0000000740200000, 0x0000000740200000|100%|HC|  |TAMS 0x0000000740200000, 0x0000000740100000| Complete 
|   2|0x0000000740200000, 0x0000000740300000, 0x0000000740300000|100%|HS|  |TAMS 0x0000000740300000, 0x0000000740200000| Complete 
|   3|0x0000000740300000, 0x00000007403ff4b0, 0x0000000740400000| 99%| O|  |TAMS 0x00000007403ff4b0, 0x0000000740300000| Untracked 
|   4|0x0000000740400000, 0x00000007404fe9f0, 0x0000000740500000| 99%| O|  |TAMS 0x00000007404fe9f0, 0x0000000740400000| Untracked 
|   5|0x0000000740500000, 0x00000007405ff4a0, 0x0000000740600000| 99%| O|  |TAMS 0x00000007405ff4a0, 0x0000000740500000| Untracked 
|   6|0x0000000740600000, 0x00000007406ffff0, 0x0000000740700000| 99%| O|  |TAMS 0x00000007406ffff0, 0x0000000740600000| Untracked 
|   7|0x0000000740700000, 0x00000007407fffe8, 0x0000000740800000| 99%| O|  |TAMS 0x00000007407fffe8, 0x0000000740700000| Untracked 
|   8|0x0000000740800000, 0x00000007408fff90, 0x0000000740900000| 99%| O|  |TAMS 0x00000007408fff90, 0x0000000740800000| Untracked 
|   9|0x0000000740900000, 0x00000007409ffff0, 0x0000000740a00000| 99%| O|  |TAMS 0x00000007409ffff0, 0x0000000740900000| Untracked 
|  10|0x0000000740a00000, 0x0000000740afffa8, 0x0000000740b00000| 99%| O|  |TAMS 0x0000000740afffa8, 0x0000000740a00000| Untracked 
|  11|0x0000000740b00000, 0x0000000740bffea0, 0x0000000740c00000| 99%| O|  |TAMS 0x0000000740bffea0, 0x0000000740b00000| Untracked 
|  12|0x0000000740c00000, 0x0000000740cffff8, 0x0000000740d00000| 99%| O|  |TAMS 0x0000000740cffff8, 0x0000000740c00000| Untracked 
|  13|0x0000000740d00000, 0x0000000740e00000, 0x0000000740e00000|100%| O|  |TAMS 0x0000000740e00000, 0x0000000740d00000| Untracked 
|  14|0x0000000740e00000, 0x0000000740efdfb0, 0x0000000740f00000| 99%| O|  |TAMS 0x0000000740efdfb0, 0x0000000740e00000| Untracked 
|  15|0x0000000740f00000, 0x0000000740fd96a8, 0x0000000741000000| 84%| O|  |TAMS 0x0000000740fd96a8, 0x0000000740f00000| Untracked 
|  16|0x0000000741000000, 0x00000007410ff628, 0x0000000741100000| 99%| O|  |TAMS 0x00000007410ff628, 0x0000000741000000| Untracked 
|  17|0x0000000741100000, 0x00000007411f18e8, 0x0000000741200000| 94%| O|  |TAMS 0x00000007411f18e8, 0x0000000741100000| Untracked 
|  18|0x0000000741200000, 0x00000007412fe610, 0x0000000741300000| 99%| O|  |TAMS 0x00000007412fe610, 0x0000000741200000| Untracked 
|  19|0x0000000741300000, 0x00000007413ffff0, 0x0000000741400000| 99%| O|  |TAMS 0x00000007413ffff0, 0x0000000741300000| Untracked 
|  20|0x0000000741400000, 0x0000000741500000, 0x0000000741500000|100%| O|  |TAMS 0x0000000741500000, 0x0000000741400000| Untracked 
|  21|0x0000000741500000, 0x0000000741600000, 0x0000000741600000|100%| O|  |TAMS 0x0000000741600000, 0x0000000741500000| Untracked 
|  22|0x0000000741600000, 0x00000007416ffff8, 0x0000000741700000| 99%| O|  |TAMS 0x00000007416ffff8, 0x0000000741600000| Untracked 
|  23|0x0000000741700000, 0x00000007417fffe8, 0x0000000741800000| 99%| O|  |TAMS 0x00000007417fffe8, 0x0000000741700000| Untracked 
|  24|0x0000000741800000, 0x0000000741900000, 0x0000000741900000|100%| O|  |TAMS 0x0000000741900000, 0x0000000741800000| Untracked 
|  25|0x0000000741900000, 0x00000007419ffff8, 0x0000000741a00000| 99%| O|  |TAMS 0x00000007419ffff8, 0x0000000741900000| Untracked 
|  26|0x0000000741a00000, 0x0000000741affff0, 0x0000000741b00000| 99%| O|  |TAMS 0x0000000741affff0, 0x0000000741a00000| Untracked 
|  27|0x0000000741b00000, 0x0000000741bfff38, 0x0000000741c00000| 99%| O|  |TAMS 0x0000000741bfff38, 0x0000000741b00000| Untracked 
|  28|0x0000000741c00000, 0x0000000741cffff0, 0x0000000741d00000| 99%| O|  |TAMS 0x0000000741cffff0, 0x0000000741c00000| Untracked 
|  29|0x0000000741d00000, 0x0000000741dfac40, 0x0000000741e00000| 97%| O|  |TAMS 0x0000000741dfac40, 0x0000000741d00000| Untracked 
|  30|0x0000000741e00000, 0x0000000741efffb0, 0x0000000741f00000| 99%| O|  |TAMS 0x0000000741efffb0, 0x0000000741e00000| Untracked 
|  31|0x0000000741f00000, 0x0000000741ffffe0, 0x0000000742000000| 99%| O|  |TAMS 0x0000000741ffffe0, 0x0000000741f00000| Untracked 
|  32|0x0000000742000000, 0x0000000742100000, 0x0000000742100000|100%| O|  |TAMS 0x0000000742100000, 0x0000000742000000| Untracked 
|  33|0x0000000742100000, 0x0000000742200000, 0x0000000742200000|100%| O|  |TAMS 0x0000000742200000, 0x0000000742100000| Untracked 
|  34|0x0000000742200000, 0x00000007422ee700, 0x0000000742300000| 93%| O|  |TAMS 0x00000007422ee700, 0x0000000742200000| Untracked 
|  35|0x0000000742300000, 0x00000007423ffff8, 0x0000000742400000| 99%| O|  |TAMS 0x00000007423ffff8, 0x0000000742300000| Untracked 
|  36|0x0000000742400000, 0x0000000742500000, 0x0000000742500000|100%| O|  |TAMS 0x0000000742500000, 0x0000000742400000| Untracked 
|  37|0x0000000742500000, 0x00000007425fffe8, 0x0000000742600000| 99%| O|  |TAMS 0x00000007425fffe8, 0x0000000742500000| Untracked 
|  38|0x0000000742600000, 0x0000000742700000, 0x0000000742700000|100%|HS|  |TAMS 0x0000000742700000, 0x0000000742600000| Complete 
|  39|0x0000000742700000, 0x0000000742800000, 0x0000000742800000|100%|HC|  |TAMS 0x0000000742800000, 0x0000000742700000| Complete 
|  40|0x0000000742800000, 0x0000000742900000, 0x0000000742900000|100%|HC|  |TAMS 0x0000000742900000, 0x0000000742800000| Complete 
|  41|0x0000000742900000, 0x0000000742a00000, 0x0000000742a00000|100%|HC|  |TAMS 0x0000000742a00000, 0x0000000742900000| Complete 
|  42|0x0000000742a00000, 0x0000000742b00000, 0x0000000742b00000|100%|HC|  |TAMS 0x0000000742b00000, 0x0000000742a00000| Complete 
|  43|0x0000000742b00000, 0x0000000742c00000, 0x0000000742c00000|100%|HC|  |TAMS 0x0000000742c00000, 0x0000000742b00000| Complete 
|  44|0x0000000742c00000, 0x0000000742d00000, 0x0000000742d00000|100%|HC|  |TAMS 0x0000000742d00000, 0x0000000742c00000| Complete 
|  45|0x0000000742d00000, 0x0000000742e00000, 0x0000000742e00000|100%|HC|  |TAMS 0x0000000742e00000, 0x0000000742d00000| Complete 
|  46|0x0000000742e00000, 0x0000000742effe90, 0x0000000742f00000| 99%| O|  |TAMS 0x0000000742effe90, 0x0000000742e00000| Untracked 
|  47|0x0000000742f00000, 0x0000000743000000, 0x0000000743000000|100%| O|  |TAMS 0x0000000743000000, 0x0000000742f00000| Untracked 
|  48|0x0000000743000000, 0x00000007430ffeb8, 0x0000000743100000| 99%| O|  |TAMS 0x00000007430ffeb8, 0x0000000743000000| Untracked 
|  49|0x0000000743100000, 0x00000007431cb580, 0x0000000743200000| 79%| O|  |TAMS 0x00000007431cb580, 0x0000000743100000| Untracked 
|  50|0x0000000743200000, 0x00000007432ffff8, 0x0000000743300000| 99%| O|  |TAMS 0x00000007432ffff8, 0x0000000743200000| Untracked 
|  51|0x0000000743300000, 0x0000000743400000, 0x0000000743400000|100%| O|  |TAMS 0x0000000743400000, 0x0000000743300000| Untracked 
|  52|0x0000000743400000, 0x00000007434fff90, 0x0000000743500000| 99%| O|  |TAMS 0x00000007434fff90, 0x0000000743400000| Untracked 
|  53|0x0000000743500000, 0x0000000743600000, 0x0000000743600000|100%| O|  |TAMS 0x0000000743600000, 0x0000000743500000| Untracked 
|  54|0x0000000743600000, 0x0000000743700000, 0x0000000743700000|100%| O|  |TAMS 0x0000000743700000, 0x0000000743600000| Untracked 
|  55|0x0000000743700000, 0x00000007437fe210, 0x0000000743800000| 99%| O|  |TAMS 0x00000007437fe210, 0x0000000743700000| Untracked 
|  56|0x0000000743800000, 0x0000000743900000, 0x0000000743900000|100%| O|  |TAMS 0x0000000743900000, 0x0000000743800000| Untracked 
|  57|0x0000000743900000, 0x0000000743a00000, 0x0000000743a00000|100%| O|  |TAMS 0x0000000743a00000, 0x0000000743900000| Untracked 
|  58|0x0000000743a00000, 0x0000000743afffe8, 0x0000000743b00000| 99%| O|  |TAMS 0x0000000743afffe8, 0x0000000743a00000| Untracked 
|  59|0x0000000743b00000, 0x0000000743c00000, 0x0000000743c00000|100%| O|  |TAMS 0x0000000743c00000, 0x0000000743b00000| Untracked 
|  60|0x0000000743c00000, 0x0000000743cfffe8, 0x0000000743d00000| 99%| O|  |TAMS 0x0000000743cfffe8, 0x0000000743c00000| Untracked 
|  61|0x0000000743d00000, 0x0000000743dffe48, 0x0000000743e00000| 99%| O|  |TAMS 0x0000000743dffe48, 0x0000000743d00000| Untracked 
|  62|0x0000000743e00000, 0x0000000743efe368, 0x0000000743f00000| 99%| O|  |TAMS 0x0000000743efe368, 0x0000000743e00000| Untracked 
|  63|0x0000000743f00000, 0x0000000743fffec0, 0x0000000744000000| 99%| O|  |TAMS 0x0000000743fffec0, 0x0000000743f00000| Untracked 
|  64|0x0000000744000000, 0x00000007440ffff8, 0x0000000744100000| 99%| O|  |TAMS 0x00000007440ffff8, 0x0000000744000000| Untracked 
|  65|0x0000000744100000, 0x00000007441fffe8, 0x0000000744200000| 99%| O|  |TAMS 0x00000007441fffe8, 0x0000000744100000| Untracked 
|  66|0x0000000744200000, 0x00000007442ffff0, 0x0000000744300000| 99%| O|  |TAMS 0x00000007442ffff0, 0x0000000744200000| Untracked 
|  67|0x0000000744300000, 0x00000007443fff88, 0x0000000744400000| 99%| O|  |TAMS 0x00000007443fff88, 0x0000000744300000| Untracked 
|  68|0x0000000744400000, 0x00000007444fff90, 0x0000000744500000| 99%| O|  |TAMS 0x00000007444fff90, 0x0000000744400000| Untracked 
|  69|0x0000000744500000, 0x00000007445fffd0, 0x0000000744600000| 99%| O|  |TAMS 0x00000007445fffd0, 0x0000000744500000| Untracked 
|  70|0x0000000744600000, 0x00000007446ffff0, 0x0000000744700000| 99%| O|  |TAMS 0x00000007446ffff0, 0x0000000744600000| Untracked 
|  71|0x0000000744700000, 0x00000007447fff98, 0x0000000744800000| 99%| O|  |TAMS 0x00000007447fff98, 0x0000000744700000| Untracked 
|  72|0x0000000744800000, 0x00000007448fc0f0, 0x0000000744900000| 98%| O|  |TAMS 0x00000007448fc0f0, 0x0000000744800000| Untracked 
|  73|0x0000000744900000, 0x0000000744a00000, 0x0000000744a00000|100%| O|  |TAMS 0x0000000744a00000, 0x0000000744900000| Untracked 
|  74|0x0000000744a00000, 0x0000000744b00000, 0x0000000744b00000|100%| O|  |TAMS 0x0000000744b00000, 0x0000000744a00000| Untracked 
|  75|0x0000000744b00000, 0x0000000744bfff28, 0x0000000744c00000| 99%| O|  |TAMS 0x0000000744bfff28, 0x0000000744b00000| Untracked 
|  76|0x0000000744c00000, 0x0000000744cfe960, 0x0000000744d00000| 99%| O|  |TAMS 0x0000000744cfe960, 0x0000000744c00000| Untracked 
|  77|0x0000000744d00000, 0x0000000744dffff0, 0x0000000744e00000| 99%| O|  |TAMS 0x0000000744dffff0, 0x0000000744d00000| Untracked 
|  78|0x0000000744e00000, 0x0000000744f00000, 0x0000000744f00000|100%| O|  |TAMS 0x0000000744f00000, 0x0000000744e00000| Untracked 
|  79|0x0000000744f00000, 0x0000000744ffffb8, 0x0000000745000000| 99%| O|  |TAMS 0x0000000744ffffb8, 0x0000000744f00000| Untracked 
|  80|0x0000000745000000, 0x000000074500da28, 0x0000000745100000|  5%| O|  |TAMS 0x000000074500da28, 0x0000000745000000| Untracked 
|  81|0x0000000745100000, 0x00000007451ffff0, 0x0000000745200000| 99%| O|  |TAMS 0x00000007451ffff0, 0x0000000745100000| Untracked 
|  82|0x0000000745200000, 0x00000007452ffff0, 0x0000000745300000| 99%| O|  |TAMS 0x00000007452ffff0, 0x0000000745200000| Untracked 
|  83|0x0000000745300000, 0x00000007453fffc8, 0x0000000745400000| 99%| O|  |TAMS 0x00000007453fffc8, 0x0000000745300000| Untracked 
|  84|0x0000000745400000, 0x00000007454fffe0, 0x0000000745500000| 99%| O|  |TAMS 0x00000007454fffe0, 0x0000000745400000| Untracked 
|  85|0x0000000745500000, 0x0000000745600000, 0x0000000745600000|100%| O|  |TAMS 0x0000000745600000, 0x0000000745500000| Untracked 
|  86|0x0000000745600000, 0x000000074568dc50, 0x0000000745700000| 55%| O|  |TAMS 0x000000074568dc50, 0x0000000745600000| Untracked 
|  87|0x0000000745700000, 0x00000007457210b0, 0x0000000745800000| 12%| O|  |TAMS 0x00000007457210b0, 0x0000000745700000| Untracked 
|  88|0x0000000745800000, 0x000000074584dea0, 0x0000000745900000| 30%| O|  |TAMS 0x000000074584dea0, 0x0000000745800000| Untracked 
|  89|0x0000000745900000, 0x0000000745a00000, 0x0000000745a00000|100%| O|  |TAMS 0x0000000745a00000, 0x0000000745900000| Untracked 
|  90|0x0000000745a00000, 0x0000000745b00000, 0x0000000745b00000|100%| O|  |TAMS 0x0000000745b00000, 0x0000000745a00000| Untracked 
|  91|0x0000000745b00000, 0x0000000745c00000, 0x0000000745c00000|100%| O|  |TAMS 0x0000000745bb4c00, 0x0000000745b00000| Untracked 
|  92|0x0000000745c00000, 0x0000000745d00000, 0x0000000745d00000|100%| O|  |TAMS 0x0000000745c00000, 0x0000000745c00000| Untracked 
|  93|0x0000000745d00000, 0x0000000745dace00, 0x0000000745e00000| 67%| O|  |TAMS 0x0000000745d00000, 0x0000000745d00000| Untracked 
|  94|0x0000000745e00000, 0x0000000745e00000, 0x0000000745f00000|  0%| F|  |TAMS 0x0000000745e00000, 0x0000000745e00000| Untracked 
|  95|0x0000000745f00000, 0x0000000745f00000, 0x0000000746000000|  0%| F|  |TAMS 0x0000000745f00000, 0x0000000745f00000| Untracked 
|  96|0x0000000746000000, 0x0000000746000000, 0x0000000746100000|  0%| F|  |TAMS 0x0000000746000000, 0x0000000746000000| Untracked 
|  97|0x0000000746100000, 0x0000000746100000, 0x0000000746200000|  0%| F|  |TAMS 0x0000000746100000, 0x0000000746100000| Untracked 
|  98|0x0000000746200000, 0x0000000746200000, 0x0000000746300000|  0%| F|  |TAMS 0x0000000746200000, 0x0000000746200000| Untracked 
|  99|0x0000000746300000, 0x0000000746300000, 0x0000000746400000|  0%| F|  |TAMS 0x0000000746300000, 0x0000000746300000| Untracked 
| 100|0x0000000746400000, 0x0000000746400000, 0x0000000746500000|  0%| F|  |TAMS 0x0000000746400000, 0x0000000746400000| Untracked 
| 101|0x0000000746500000, 0x0000000746500000, 0x0000000746600000|  0%| F|  |TAMS 0x0000000746500000, 0x0000000746500000| Untracked 
| 102|0x0000000746600000, 0x0000000746600000, 0x0000000746700000|  0%| F|  |TAMS 0x0000000746600000, 0x0000000746600000| Untracked 
| 103|0x0000000746700000, 0x0000000746700000, 0x0000000746800000|  0%| F|  |TAMS 0x0000000746700000, 0x0000000746700000| Untracked 
| 104|0x0000000746800000, 0x0000000746800000, 0x0000000746900000|  0%| F|  |TAMS 0x0000000746800000, 0x0000000746800000| Untracked 
| 105|0x0000000746900000, 0x0000000746900000, 0x0000000746a00000|  0%| F|  |TAMS 0x0000000746900000, 0x0000000746900000| Untracked 
| 106|0x0000000746a00000, 0x0000000746a00000, 0x0000000746b00000|  0%| F|  |TAMS 0x0000000746a00000, 0x0000000746a00000| Untracked 
| 107|0x0000000746b00000, 0x0000000746b00000, 0x0000000746c00000|  0%| F|  |TAMS 0x0000000746b00000, 0x0000000746b00000| Untracked 
| 108|0x0000000746c00000, 0x0000000746c00000, 0x0000000746d00000|  0%| F|  |TAMS 0x0000000746c00000, 0x0000000746c00000| Untracked 
| 109|0x0000000746d00000, 0x0000000746d00000, 0x0000000746e00000|  0%| F|  |TAMS 0x0000000746d00000, 0x0000000746d00000| Untracked 
| 110|0x0000000746e00000, 0x0000000746e00000, 0x0000000746f00000|  0%| F|  |TAMS 0x0000000746e00000, 0x0000000746e00000| Untracked 
| 111|0x0000000746f00000, 0x0000000746f00000, 0x0000000747000000|  0%| F|  |TAMS 0x0000000746f00000, 0x0000000746f00000| Untracked 
| 112|0x0000000747000000, 0x0000000747000000, 0x0000000747100000|  0%| F|  |TAMS 0x0000000747000000, 0x0000000747000000| Untracked 
| 113|0x0000000747100000, 0x0000000747100000, 0x0000000747200000|  0%| F|  |TAMS 0x0000000747100000, 0x0000000747100000| Untracked 
| 114|0x0000000747200000, 0x0000000747200000, 0x0000000747300000|  0%| F|  |TAMS 0x0000000747200000, 0x0000000747200000| Untracked 
| 115|0x0000000747300000, 0x0000000747300000, 0x0000000747400000|  0%| F|  |TAMS 0x0000000747300000, 0x0000000747300000| Untracked 
| 116|0x0000000747400000, 0x0000000747400000, 0x0000000747500000|  0%| F|  |TAMS 0x0000000747400000, 0x0000000747400000| Untracked 
| 117|0x0000000747500000, 0x0000000747500000, 0x0000000747600000|  0%| F|  |TAMS 0x0000000747500000, 0x0000000747500000| Untracked 
| 118|0x0000000747600000, 0x0000000747600000, 0x0000000747700000|  0%| F|  |TAMS 0x0000000747600000, 0x0000000747600000| Untracked 
| 119|0x0000000747700000, 0x0000000747700000, 0x0000000747800000|  0%| F|  |TAMS 0x0000000747700000, 0x0000000747700000| Untracked 
| 120|0x0000000747800000, 0x0000000747800000, 0x0000000747900000|  0%| F|  |TAMS 0x0000000747800000, 0x0000000747800000| Untracked 
| 121|0x0000000747900000, 0x0000000747900000, 0x0000000747a00000|  0%| F|  |TAMS 0x0000000747900000, 0x0000000747900000| Untracked 
| 122|0x0000000747a00000, 0x0000000747b00000, 0x0000000747b00000|100%| S|CS|TAMS 0x0000000747a00000, 0x0000000747a00000| Complete 
| 123|0x0000000747b00000, 0x0000000747c00000, 0x0000000747c00000|100%| S|CS|TAMS 0x0000000747b00000, 0x0000000747b00000| Complete 
| 124|0x0000000747c00000, 0x0000000747d00000, 0x0000000747d00000|100%| S|CS|TAMS 0x0000000747c00000, 0x0000000747c00000| Complete 
| 125|0x0000000747d00000, 0x0000000747d00000, 0x0000000747e00000|  0%| F|  |TAMS 0x0000000747d00000, 0x0000000747d00000| Untracked 
| 126|0x0000000747e00000, 0x0000000747e00000, 0x0000000747f00000|  0%| F|  |TAMS 0x0000000747e00000, 0x0000000747e00000| Untracked 
| 127|0x0000000747f00000, 0x0000000747f00000, 0x0000000748000000|  0%| F|  |TAMS 0x0000000747f00000, 0x0000000747f00000| Untracked 
| 128|0x0000000748000000, 0x0000000748000000, 0x0000000748100000|  0%| F|  |TAMS 0x0000000748000000, 0x0000000748000000| Untracked 
| 129|0x0000000748100000, 0x0000000748100000, 0x0000000748200000|  0%| F|  |TAMS 0x0000000748100000, 0x0000000748100000| Untracked 
| 130|0x0000000748200000, 0x0000000748200000, 0x0000000748300000|  0%| F|  |TAMS 0x0000000748200000, 0x0000000748200000| Untracked 
| 131|0x0000000748300000, 0x0000000748300000, 0x0000000748400000|  0%| F|  |TAMS 0x0000000748300000, 0x0000000748300000| Untracked 
| 132|0x0000000748400000, 0x0000000748400000, 0x0000000748500000|  0%| F|  |TAMS 0x0000000748400000, 0x0000000748400000| Untracked 
| 133|0x0000000748500000, 0x0000000748500000, 0x0000000748600000|  0%| F|  |TAMS 0x0000000748500000, 0x0000000748500000| Untracked 
| 134|0x0000000748600000, 0x0000000748600000, 0x0000000748700000|  0%| F|  |TAMS 0x0000000748600000, 0x0000000748600000| Untracked 
| 135|0x0000000748700000, 0x0000000748700000, 0x0000000748800000|  0%| F|  |TAMS 0x0000000748700000, 0x0000000748700000| Untracked 
| 136|0x0000000748800000, 0x0000000748800000, 0x0000000748900000|  0%| F|  |TAMS 0x0000000748800000, 0x0000000748800000| Untracked 
| 137|0x0000000748900000, 0x0000000748900000, 0x0000000748a00000|  0%| F|  |TAMS 0x0000000748900000, 0x0000000748900000| Untracked 
| 138|0x0000000748a00000, 0x0000000748a00000, 0x0000000748b00000|  0%| F|  |TAMS 0x0000000748a00000, 0x0000000748a00000| Untracked 
| 139|0x0000000748b00000, 0x0000000748b00000, 0x0000000748c00000|  0%| F|  |TAMS 0x0000000748b00000, 0x0000000748b00000| Untracked 
| 140|0x0000000748c00000, 0x0000000748c00000, 0x0000000748d00000|  0%| F|  |TAMS 0x0000000748c00000, 0x0000000748c00000| Untracked 
| 141|0x0000000748d00000, 0x0000000748d00000, 0x0000000748e00000|  0%| F|  |TAMS 0x0000000748d00000, 0x0000000748d00000| Untracked 
| 142|0x0000000748e00000, 0x0000000748e00000, 0x0000000748f00000|  0%| F|  |TAMS 0x0000000748e00000, 0x0000000748e00000| Untracked 
| 143|0x0000000748f00000, 0x0000000748f00000, 0x0000000749000000|  0%| F|  |TAMS 0x0000000748f00000, 0x0000000748f00000| Untracked 
| 144|0x0000000749000000, 0x0000000749000000, 0x0000000749100000|  0%| F|  |TAMS 0x0000000749000000, 0x0000000749000000| Untracked 
| 145|0x0000000749100000, 0x0000000749100000, 0x0000000749200000|  0%| F|  |TAMS 0x0000000749100000, 0x0000000749100000| Untracked 
| 146|0x0000000749200000, 0x0000000749200000, 0x0000000749300000|  0%| F|  |TAMS 0x0000000749200000, 0x0000000749200000| Untracked 
| 147|0x0000000749300000, 0x0000000749300000, 0x0000000749400000|  0%| F|  |TAMS 0x0000000749300000, 0x0000000749300000| Untracked 
| 148|0x0000000749400000, 0x0000000749400000, 0x0000000749500000|  0%| F|  |TAMS 0x0000000749400000, 0x0000000749400000| Untracked 
| 149|0x0000000749500000, 0x0000000749500000, 0x0000000749600000|  0%| F|  |TAMS 0x0000000749500000, 0x0000000749500000| Untracked 
| 150|0x0000000749600000, 0x0000000749600000, 0x0000000749700000|  0%| F|  |TAMS 0x0000000749600000, 0x0000000749600000| Untracked 
| 151|0x0000000749700000, 0x0000000749700000, 0x0000000749800000|  0%| F|  |TAMS 0x0000000749700000, 0x0000000749700000| Untracked 
| 152|0x0000000749800000, 0x0000000749800000, 0x0000000749900000|  0%| F|  |TAMS 0x0000000749800000, 0x0000000749800000| Untracked 
| 153|0x0000000749900000, 0x0000000749900000, 0x0000000749a00000|  0%| F|  |TAMS 0x0000000749900000, 0x0000000749900000| Untracked 
| 154|0x0000000749a00000, 0x0000000749a00000, 0x0000000749b00000|  0%| F|  |TAMS 0x0000000749a00000, 0x0000000749a00000| Untracked 
| 155|0x0000000749b00000, 0x0000000749b00000, 0x0000000749c00000|  0%| F|  |TAMS 0x0000000749b00000, 0x0000000749b00000| Untracked 
| 156|0x0000000749c00000, 0x0000000749c00000, 0x0000000749d00000|  0%| F|  |TAMS 0x0000000749c00000, 0x0000000749c00000| Untracked 
| 157|0x0000000749d00000, 0x0000000749d00000, 0x0000000749e00000|  0%| F|  |TAMS 0x0000000749d00000, 0x0000000749d00000| Untracked 
| 158|0x0000000749e00000, 0x0000000749e00000, 0x0000000749f00000|  0%| F|  |TAMS 0x0000000749e00000, 0x0000000749e00000| Untracked 
| 159|0x0000000749f00000, 0x0000000749f00000, 0x000000074a000000|  0%| F|  |TAMS 0x0000000749f00000, 0x0000000749f00000| Untracked 
| 160|0x000000074a000000, 0x000000074a000000, 0x000000074a100000|  0%| F|  |TAMS 0x000000074a000000, 0x000000074a000000| Untracked 
| 161|0x000000074a100000, 0x000000074a100000, 0x000000074a200000|  0%| F|  |TAMS 0x000000074a100000, 0x000000074a100000| Untracked 
| 162|0x000000074a200000, 0x000000074a200000, 0x000000074a300000|  0%| F|  |TAMS 0x000000074a200000, 0x000000074a200000| Untracked 
| 163|0x000000074a300000, 0x000000074a300000, 0x000000074a400000|  0%| F|  |TAMS 0x000000074a300000, 0x000000074a300000| Untracked 
| 164|0x000000074a400000, 0x000000074a400000, 0x000000074a500000|  0%| F|  |TAMS 0x000000074a400000, 0x000000074a400000| Untracked 
| 165|0x000000074a500000, 0x000000074a500000, 0x000000074a600000|  0%| F|  |TAMS 0x000000074a500000, 0x000000074a500000| Untracked 
| 166|0x000000074a600000, 0x000000074a600000, 0x000000074a700000|  0%| F|  |TAMS 0x000000074a600000, 0x000000074a600000| Untracked 
| 167|0x000000074a700000, 0x000000074a700000, 0x000000074a800000|  0%| F|  |TAMS 0x000000074a700000, 0x000000074a700000| Untracked 
| 168|0x000000074a800000, 0x000000074a800000, 0x000000074a900000|  0%| F|  |TAMS 0x000000074a800000, 0x000000074a800000| Untracked 
| 169|0x000000074a900000, 0x000000074a900000, 0x000000074aa00000|  0%| F|  |TAMS 0x000000074a900000, 0x000000074a900000| Untracked 
| 170|0x000000074aa00000, 0x000000074aa00000, 0x000000074ab00000|  0%| F|  |TAMS 0x000000074aa00000, 0x000000074aa00000| Untracked 
| 171|0x000000074ab00000, 0x000000074ab00000, 0x000000074ac00000|  0%| F|  |TAMS 0x000000074ab00000, 0x000000074ab00000| Untracked 
| 172|0x000000074ac00000, 0x000000074ac00000, 0x000000074ad00000|  0%| F|  |TAMS 0x000000074ac00000, 0x000000074ac00000| Untracked 
| 173|0x000000074ad00000, 0x000000074ad00000, 0x000000074ae00000|  0%| F|  |TAMS 0x000000074ad00000, 0x000000074ad00000| Untracked 
| 174|0x000000074ae00000, 0x000000074ae00000, 0x000000074af00000|  0%| F|  |TAMS 0x000000074ae00000, 0x000000074ae00000| Untracked 
| 175|0x000000074af00000, 0x000000074af00000, 0x000000074b000000|  0%| F|  |TAMS 0x000000074af00000, 0x000000074af00000| Untracked 
| 176|0x000000074b000000, 0x000000074b000000, 0x000000074b100000|  0%| F|  |TAMS 0x000000074b000000, 0x000000074b000000| Untracked 
| 177|0x000000074b100000, 0x000000074b100000, 0x000000074b200000|  0%| F|  |TAMS 0x000000074b100000, 0x000000074b100000| Untracked 
| 178|0x000000074b200000, 0x000000074b200000, 0x000000074b300000|  0%| F|  |TAMS 0x000000074b200000, 0x000000074b200000| Untracked 
| 179|0x000000074b300000, 0x000000074b300000, 0x000000074b400000|  0%| F|  |TAMS 0x000000074b300000, 0x000000074b300000| Untracked 
| 180|0x000000074b400000, 0x000000074b400000, 0x000000074b500000|  0%| F|  |TAMS 0x000000074b400000, 0x000000074b400000| Untracked 
| 181|0x000000074b500000, 0x000000074b600000, 0x000000074b600000|100%| E|  |TAMS 0x000000074b500000, 0x000000074b500000| Complete 
| 182|0x000000074b600000, 0x000000074b700000, 0x000000074b700000|100%| E|CS|TAMS 0x000000074b600000, 0x000000074b600000| Complete 
| 183|0x000000074b700000, 0x000000074b800000, 0x000000074b800000|100%| E|CS|TAMS 0x000000074b700000, 0x000000074b700000| Complete 
| 184|0x000000074b800000, 0x000000074b900000, 0x000000074b900000|100%| E|CS|TAMS 0x000000074b800000, 0x000000074b800000| Complete 

Card table byte_map: [0x0000020979b70000,0x000002097a170000] _byte_map_base: 0x0000020976170000

Marking Bits (Prev, Next): (CMBitMap*) 0x000002095ffb6928, (CMBitMap*) 0x000002095ffb6960
 Prev Bits: [0x000002097a770000, 0x000002097d770000)
 Next Bits: [0x0000020917240000, 0x000002091a240000)

Polling page: 0x000002093e6c0000

Metaspace:

Usage:
  Non-class:     83.26 MB capacity,    81.76 MB ( 98%) used,     1.15 MB (  1%) free+waste,   364.50 KB ( <1%) overhead. 
      Class:     14.17 MB capacity,    12.97 MB ( 91%) used,     1.03 MB (  7%) free+waste,   177.06 KB (  1%) overhead. 
       Both:     97.43 MB capacity,    94.72 MB ( 97%) used,     2.18 MB (  2%) free+waste,   541.56 KB ( <1%) overhead. 

Virtual space:
  Non-class space:       84.00 MB reserved,      83.33 MB (>99%) committed 
      Class space:        1.00 GB reserved,      14.26 MB (  1%) committed 
             Both:        1.08 GB reserved,      97.59 MB (  9%) committed 

Chunk freelists:
   Non-Class:  640 bytes
       Class:  1.88 KB
        Both:  2.50 KB

CodeHeap 'non-profiled nmethods': size=120064Kb used=20087Kb max_used=20089Kb free=99976Kb
 bounds [0x000002090fd00000, 0x00000209110b0000, 0x0000020917240000]
CodeHeap 'profiled nmethods': size=120000Kb used=40315Kb max_used=40577Kb free=79684Kb
 bounds [0x00000209087d0000, 0x000002090afd0000, 0x000002090fd00000]
CodeHeap 'non-nmethods': size=5696Kb used=1697Kb max_used=1750Kb free=3998Kb
 bounds [0x0000020908240000, 0x00000209084b0000, 0x00000209087d0000]
 total_blobs=31676 nmethods=16919 adapters=1174
 compilation: enabled
              stopped_count=0, restarted_count=0
 full_count=0

Compilation events (10 events):
Event: 2438.361 Thread 0x000002095d948800 22075       1       com.jidesoft.chart.model.AxisExtent::getMax (5 bytes)
Event: 2438.362 Thread 0x000002095d948800 nmethod 22075 0x00000209106b7f90 code [0x00000209106b8140, 0x00000209106b8258]
Event: 2438.362 Thread 0x000002095d948800 22076       1       com.jidesoft.chart.Chart::getXAxis (5 bytes)
Event: 2438.362 Thread 0x000002095d948800 nmethod 22076 0x00000209106b7c10 code [0x00000209106b7dc0, 0x00000209106b7ed8]
Event: 2438.362 Thread 0x000002095d948800 22077       1       com.jidesoft.chart.d::getResizePolicy (5 bytes)
Event: 2438.362 Thread 0x000002095d948800 nmethod 22077 0x0000020910725d10 code [0x0000020910725ec0, 0x0000020910725fd8]
Event: 2438.362 Thread 0x000002095d948800 22078       1       com.jidesoft.chart.UserToPixelTransform::setXTransform (6 bytes)
Event: 2438.362 Thread 0x000002095d948800 nmethod 22078 0x0000020910725990 code [0x0000020910725b40, 0x0000020910725cb8]
Event: 2438.362 Thread 0x000002095d948800 22079       1       com.jidesoft.chart.UserToPixelTransform::setYTransform (6 bytes)
Event: 2438.362 Thread 0x000002095d948800 nmethod 22079 0x0000020910725610 code [0x00000209107257c0, 0x0000020910725938]

GC Heap History (10 events):
Event: 2390.346 GC heap before
{Heap before GC invocations=261 (full 2):
 garbage-first heap   total 189440K, used 152142K [0x0000000740000000, 0x0000000800000000)
  region size 1024K, 60 young (61440K), 2 survivors (2048K)
 Metaspace       used 96880K, capacity 99643K, committed 99932K, reserved 1134592K
  class space    used 13274K, capacity 14513K, committed 14604K, reserved 1048576K
}
Event: 2390.349 GC heap after
{Heap after GC invocations=262 (full 2):
 garbage-first heap   total 189440K, used 92844K [0x0000000740000000, 0x0000000800000000)
  region size 1024K, 1 young (1024K), 1 survivors (1024K)
 Metaspace       used 96880K, capacity 99643K, committed 99932K, reserved 1134592K
  class space    used 13274K, capacity 14513K, committed 14604K, reserved 1048576K
}
Event: 2402.393 GC heap before
{Heap before GC invocations=262 (full 2):
 garbage-first heap   total 189440K, used 153260K [0x0000000740000000, 0x0000000800000000)
  region size 1024K, 60 young (61440K), 1 survivors (1024K)
 Metaspace       used 96898K, capacity 99644K, committed 99932K, reserved 1134592K
  class space    used 13274K, capacity 14513K, committed 14604K, reserved 1048576K
}
Event: 2402.396 GC heap after
{Heap after GC invocations=263 (full 2):
 garbage-first heap   total 189440K, used 92774K [0x0000000740000000, 0x0000000800000000)
  region size 1024K, 1 young (1024K), 1 survivors (1024K)
 Metaspace       used 96898K, capacity 99644K, committed 99932K, reserved 1134592K
  class space    used 13274K, capacity 14513K, committed 14604K, reserved 1048576K
}
Event: 2429.851 GC heap before
{Heap before GC invocations=263 (full 2):
 garbage-first heap   total 189440K, used 153190K [0x0000000740000000, 0x0000000800000000)
  region size 1024K, 60 young (61440K), 1 survivors (1024K)
 Metaspace       used 96906K, capacity 99644K, committed 99932K, reserved 1134592K
  class space    used 13274K, capacity 14513K, committed 14604K, reserved 1048576K
}
Event: 2429.854 GC heap after
{Heap after GC invocations=264 (full 2):
 garbage-first heap   total 189440K, used 92789K [0x0000000740000000, 0x0000000800000000)
  region size 1024K, 1 young (1024K), 1 survivors (1024K)
 Metaspace       used 96906K, capacity 99644K, committed 99932K, reserved 1134592K
  class space    used 13274K, capacity 14513K, committed 14604K, reserved 1048576K
}
Event: 2433.106 GC heap before
{Heap before GC invocations=264 (full 2):
 garbage-first heap   total 189440K, used 153205K [0x0000000740000000, 0x0000000800000000)
  region size 1024K, 60 young (61440K), 1 survivors (1024K)
 Metaspace       used 96906K, capacity 99644K, committed 99932K, reserved 1134592K
  class space    used 13274K, capacity 14513K, committed 14604K, reserved 1048576K
}
Event: 2433.108 GC heap after
{Heap after GC invocations=265 (full 2):
 garbage-first heap   total 189440K, used 92722K [0x0000000740000000, 0x0000000800000000)
  region size 1024K, 1 young (1024K), 1 survivors (1024K)
 Metaspace       used 96906K, capacity 99644K, committed 99932K, reserved 1134592K
  class space    used 13274K, capacity 14513K, committed 14604K, reserved 1048576K
}
Event: 2433.593 GC heap before
{Heap before GC invocations=265 (full 2):
 garbage-first heap   total 189440K, used 153138K [0x0000000740000000, 0x0000000800000000)
  region size 1024K, 60 young (61440K), 1 survivors (1024K)
 Metaspace       used 96906K, capacity 99644K, committed 99932K, reserved 1134592K
  class space    used 13274K, capacity 14513K, committed 14604K, reserved 1048576K
}
Event: 2433.595 GC heap after
{Heap after GC invocations=266 (full 2):
 garbage-first heap   total 189440K, used 92756K [0x0000000740000000, 0x0000000800000000)
  region size 1024K, 1 young (1024K), 1 survivors (1024K)
 Metaspace       used 96906K, capacity 99644K, committed 99932K, reserved 1134592K
  class space    used 13274K, capacity 14513K, committed 14604K, reserved 1048576K
}

Deoptimization events (10 events):
Event: 2436.836 Thread 0x000002094f354000 Uncommon trap: reason=bimorphic_or_optimized_type_check action=maybe_recompile pc=0x0000020910aa4444 method=java.awt.Component.imageUpdate(Ljava/awt/Image;IIIII)Z @ 61 c2
Event: 2436.837 Thread 0x000002094f354000 Uncommon trap: reason=speculate_class_check action=maybe_recompile pc=0x0000020910e0ee28 method=javax.swing.JLabel.imageUpdate(Ljava/awt/Image;IIIII)Z @ 8 c2
Event: 2436.837 Thread 0x000002094f354000 Uncommon trap: reason=bimorphic_or_optimized_type_check action=maybe_recompile pc=0x0000020910aa4444 method=java.awt.Component.imageUpdate(Ljava/awt/Image;IIIII)Z @ 61 c2
Event: 2436.837 Thread 0x000002094f354000 Uncommon trap: reason=bimorphic_or_optimized_type_check action=maybe_recompile pc=0x0000020910aa4444 method=java.awt.Component.imageUpdate(Ljava/awt/Image;IIIII)Z @ 61 c2
Event: 2436.837 Thread 0x000002094f354000 Uncommon trap: reason=bimorphic_or_optimized_type_check action=maybe_recompile pc=0x0000020910aa4444 method=java.awt.Component.imageUpdate(Ljava/awt/Image;IIIII)Z @ 61 c2
Event: 2438.191 Thread 0x000002094812e000 Uncommon trap: reason=speculate_class_check action=maybe_recompile pc=0x0000020911009564 method=javax.swing.plaf.basic.BasicLabelUI.layout(Ljavax/swing/JLabel;Ljava/awt/FontMetrics;II)Ljava/lang/String; @ 180 c2
Event: 2438.203 Thread 0x000002094812e000 Uncommon trap: reason=bimorphic_or_optimized_type_check action=maybe_recompile pc=0x00000209107e7748 method=javax.swing.tree.VariableHeightLayoutCache.getNodeForPath(Ljavax/swing/tree/TreePath;ZZ)Ljavax/swing/tree/VariableHeightLayoutCache$TreeStateNode; 
Event: 2438.262 Thread 0x000002094812e000 Uncommon trap: reason=bimorphic_or_optimized_type_check action=maybe_recompile pc=0x00000209107ccde0 method=com.jidesoft.grid.CellSpanTable.isCellSpanOn()Z @ 68 c2
Event: 2438.270 Thread 0x000002094812e000 Uncommon trap: reason=bimorphic_or_optimized_type_check action=maybe_recompile pc=0x00000209109a9c08 method=com.jidesoft.grid.CellSpanTable.isCellSpanOn()Z @ 68 c2
Event: 2438.296 Thread 0x000002094812e000 Uncommon trap: reason=unstable_if action=reinterpret pc=0x000002091087651c method=java.awt.Component.setPreferredSize(Ljava/awt/Dimension;)V @ 24 c2

Classes redefined (0 events):
No events

Internal exceptions (10 events):
Event: 2031.306 Thread 0x000002094f35a000 Exception <a 'java/lang/InterruptedException'{0x000000074934b2f0}: sleep interrupted> (0x000000074934b2f0) thrown at [t:/workspace/open/src/hotspot/share/prims/jvm.cpp, line 3091]
Event: 2156.903 Thread 0x000002094812e000 Implicit null exception at 0x000002091071479f to 0x000002091071613a
Event: 2159.295 Thread 0x000002094812e000 Implicit null exception at 0x00000209107a436b to 0x00000209107a4daa
Event: 2159.295 Thread 0x000002094812e000 Implicit null exception at 0x000002091072e411 to 0x000002091072e51a
Event: 2159.437 Thread 0x000002094812e000 Implicit null exception at 0x0000020910f55c58 to 0x0000020910f55f86
Event: 2159.438 Thread 0x000002094812e000 Implicit null exception at 0x0000020910f55c58 to 0x0000020910f55f86
Event: 2159.438 Thread 0x000002094812e000 Implicit null exception at 0x0000020910f55c58 to 0x0000020910f55f86
Event: 2159.438 Thread 0x000002094812e000 Implicit null exception at 0x0000020910f55c58 to 0x0000020910f55f86
Event: 2164.409 Thread 0x000002094812e000 Implicit null exception at 0x0000020910d947d9 to 0x0000020910d94a9a
Event: 2436.647 Thread 0x000002094f354000 Exception <a 'java/lang/InterruptedException'{0x0000000749f2d978}: sleep interrupted> (0x0000000749f2d978) thrown at [t:/workspace/open/src/hotspot/share/prims/jvm.cpp, line 3117]

Events (10 events):
Event: 2438.319 Thread 0x000002095d949800 flushing nmethod 0x000002090a895d90
Event: 2438.320 Thread 0x000002095d949800 flushing nmethod 0x000002090aa14790
Event: 2438.320 Thread 0x000002095d949800 flushing nmethod 0x000002090abbda10
Event: 2438.320 Thread 0x000002095d949800 flushing nmethod 0x000002090abe1c10
Event: 2438.320 Thread 0x000002095d949800 flushing nmethod 0x000002090abf1d90
Event: 2438.320 Thread 0x000002095d949800 flushing nmethod 0x000002090ac63810
Event: 2438.320 Thread 0x000002095d949800 flushing nmethod 0x000002090ac9f990
Event: 2438.320 Thread 0x000002095d949800 flushing nmethod 0x000002090acb5a90
Event: 2438.321 Thread 0x000002095d949800 flushing nmethod 0x000002090acd3b90
Event: 2438.321 Thread 0x000002095d949800 flushing nmethod 0x000002090aea2910


Dynamic libraries:
0x00007ff63c0f0000 - 0x00007ff63c11f000 	C:\appz\Xilinx\Vivado\2020.2\bin\unwrapped\win64.o\vivado.exe
0x00007ff939570000 - 0x00007ff939768000 	C:\WINDOWS\SYSTEM32\ntdll.dll
0x00007ff937f90000 - 0x00007ff93804f000 	C:\WINDOWS\System32\KERNEL32.DLL
0x00007ff936de0000 - 0x00007ff9370ba000 	C:\WINDOWS\System32\KERNELBASE.dll
0x00007ff9371f0000 - 0x00007ff9372f0000 	C:\WINDOWS\System32\ucrtbase.dll
0x00007ff90e300000 - 0x00007ff90e38d000 	C:\WINDOWS\SYSTEM32\MSVCP140.dll
0x00007ff920cd0000 - 0x00007ff920ce8000 	C:\appz\Xilinx\Vivado\2020.2\lib\win64.o\librdi_commonmain.dll
0x00007ff924210000 - 0x00007ff92422a000 	C:\WINDOWS\SYSTEM32\VCRUNTIME140.dll
0x00007ff8eead0000 - 0x00007ff8efc47000 	C:\appz\Xilinx\Vivado\2020.2\lib\win64.o\librdi_common.dll
0x00007ff90e040000 - 0x00007ff90e04c000 	C:\WINDOWS\SYSTEM32\VCRUNTIME140_1.dll
0x00007ff939210000 - 0x00007ff9393ad000 	C:\WINDOWS\System32\USER32.dll
0x00007ff9370c0000 - 0x00007ff9370e2000 	C:\WINDOWS\System32\win32u.dll
0x00007ff9386a0000 - 0x00007ff9386cb000 	C:\WINDOWS\System32\GDI32.dll
0x00007ff920ca0000 - 0x00007ff920cc2000 	C:\appz\Xilinx\Vivado\2020.2\lib\win64.o\libboost_filesystem.dll
0x00007ff9373f0000 - 0x00007ff937500000 	C:\WINDOWS\System32\gdi32full.dll
0x00007ff9375e0000 - 0x00007ff93768e000 	C:\WINDOWS\System32\ADVAPI32.dll
0x00007ff937500000 - 0x00007ff93759d000 	C:\WINDOWS\System32\msvcp_win.dll
0x00007ff9376c0000 - 0x00007ff93775e000 	C:\WINDOWS\System32\msvcrt.dll
0x00007ff938580000 - 0x00007ff93861c000 	C:\WINDOWS\System32\sechost.dll
0x00007ff9386d0000 - 0x00007ff938e14000 	C:\WINDOWS\System32\SHELL32.dll
0x00007ff938250000 - 0x00007ff938376000 	C:\WINDOWS\System32\RPCRT4.dll
0x00007ff938510000 - 0x00007ff93857b000 	C:\WINDOWS\System32\WS2_32.dll
0x00007ff92e950000 - 0x00007ff92e959000 	C:\appz\Xilinx\Vivado\2020.2\lib\win64.o\librdi_commonversion.dll
0x00007ff9375a0000 - 0x00007ff9375c7000 	C:\WINDOWS\System32\bcrypt.dll
0x00007ff900030000 - 0x00007ff9001c9000 	C:\appz\Xilinx\Vivado\2020.2\lib\win64.o\librdi_commonxillic.dll
0x00007ff91e050000 - 0x00007ff91e063000 	C:\appz\Xilinx\Vivado\2020.2\lib\win64.o\libboost_signals.dll
0x0000000060e90000 - 0x0000000060fbb000 	C:\appz\Xilinx\Vivado\2020.2\lib\win64.o\tcl85t.dll
0x00007ff8ff9a0000 - 0x00007ff8ffd0e000 	C:\appz\Xilinx\Vivado\2020.2\lib\win64.o\libCOIN-all.dll
0x00007ff91bd70000 - 0x00007ff91bd80000 	C:\appz\Xilinx\Vivado\2020.2\lib\win64.o\libboost_date_time.dll
0x00007ff91bcf0000 - 0x00007ff91bd63000 	C:\appz\Xilinx\Vivado\2020.2\lib\win64.o\libboost_program_options.dll
0x00007ff8fff10000 - 0x00007ff900021000 	C:\appz\Xilinx\Vivado\2020.2\lib\win64.o\libboost_regex.dll
0x00007ff915b60000 - 0x00007ff915b69000 	C:\appz\Xilinx\Vivado\2020.2\lib\win64.o\libboost_system.dll
0x00007ff90cb90000 - 0x00007ff90cbae000 	C:\appz\Xilinx\Vivado\2020.2\lib\win64.o\libboost_thread.dll
0x00007ff9048c0000 - 0x00007ff904942000 	C:\appz\Xilinx\Vivado\2020.2\lib\win64.o\libhdlpsolve.dll
0x00007ff915b50000 - 0x00007ff915b5c000 	C:\appz\Xilinx\Vivado\2020.2\lib\win64.o\libboost_xilinx.dll
0x00007ff8eea20000 - 0x00007ff8eeac5000 	C:\appz\Xilinx\Vivado\2020.2\lib\win64.o\libhdxml.dll
0x00007ff8e68b0000 - 0x00007ff8e76a2600 	C:\appz\Xilinx\Vivado\2020.2\lib\win64.o\libisl_iostreams.dll
0x00007ff90cb60000 - 0x00007ff90cb88000 	C:\appz\Xilinx\Vivado\2020.2\lib\win64.o\libisl_sysinfo.dll
0x00007ff8fd500000 - 0x00007ff8fd565000 	C:\appz\Xilinx\Vivado\2020.2\lib\win64.o\liblmx6.0.dll
0x00007ff90bba0000 - 0x00007ff90bbba000 	C:\appz\Xilinx\Vivado\2020.2\lib\win64.o\pthreadVC2.dll
0x00007ff909b70000 - 0x00007ff909b8c000 	C:\appz\Xilinx\Vivado\2020.2\lib\win64.o\librdiconfig.dll
0x00007ff903b30000 - 0x00007ff903b51000 	C:\appz\Xilinx\Vivado\2020.2\lib\win64.o\librdizlib.dll
0x00007ff9393b0000 - 0x00007ff939405000 	C:\WINDOWS\System32\SHLWAPI.dll
0x0000000012000000 - 0x0000000012270000 	C:\appz\Xilinx\Vivado\2020.2\lib\win64.o\xerces-c_3_1.dll
0x00007ff925c10000 - 0x00007ff925c29000 	C:\WINDOWS\SYSTEM32\NETAPI32.dll
0x00007ff914980000 - 0x00007ff914e59000 	C:\WINDOWS\SYSTEM32\WININET.dll
0x00007ff92c920000 - 0x00007ff92ca2a000 	C:\WINDOWS\SYSTEM32\WINHTTP.dll
0x00007ff923420000 - 0x00007ff92360c000 	C:\WINDOWS\SYSTEM32\urlmon.dll
0x00007ff90f1a0000 - 0x00007ff90f1a9000 	C:\WINDOWS\SYSTEM32\WSOCK32.dll
0x00007ff903a10000 - 0x00007ff903a38000 	C:\WINDOWS\SYSTEM32\VCOMP140.DLL
0x00007ff8dcfb0000 - 0x00007ff8deec7000 	C:\appz\Xilinx\Vivado\2020.2\lib\win64.o\gurobi90.dll
0x00007ff936c80000 - 0x00007ff936dd6000 	C:\WINDOWS\System32\CRYPT32.dll
0x00007ff938190000 - 0x00007ff9381e6000 	C:\WINDOWS\System32\WLDAP32.dll
0x00007ff938e20000 - 0x00007ff938e28000 	C:\WINDOWS\System32\Normaliz.dll
0x00007ff8ee740000 - 0x00007ff8eea1b000 	C:\appz\Xilinx\Vivado\2020.2\lib\win64.o\libXil_lmgr11.dll
0x00007ff938410000 - 0x00007ff9384ea000 	C:\WINDOWS\System32\COMDLG32.dll
0x00007ff937760000 - 0x00007ff937ab4000 	C:\WINDOWS\System32\combase.dll
0x00007ff9126e0000 - 0x00007ff9126ec000 	C:\appz\Xilinx\Vivado\2020.2\lib\win64.o\libboost_chrono.dll
0x00007ff939160000 - 0x00007ff93920d000 	C:\WINDOWS\System32\shcore.dll
0x00007ff903890000 - 0x00007ff9038a6000 	C:\appz\Xilinx\Vivado\2020.2\lib\win64.o\libboost_iostreams.dll
0x00007ff8ffee0000 - 0x00007ff8fff03000 	C:\appz\Xilinx\Vivado\2020.2\lib\win64.o\libisl_iosutils.dll
0x00007ff939090000 - 0x00007ff93915d000 	C:\WINDOWS\System32\OLEAUT32.dll
0x00007ff938060000 - 0x00007ff93818a000 	C:\WINDOWS\System32\ole32.dll
0x00007ff9370f0000 - 0x00007ff937157000 	C:\WINDOWS\System32\WINTRUST.dll
0x00007ff923160000 - 0x00007ff923411000 	C:\WINDOWS\SYSTEM32\iertutil.dll
0x00007ff935900000 - 0x00007ff935928000 	C:\WINDOWS\SYSTEM32\srvcli.dll
0x00007ff936160000 - 0x00007ff93616c000 	C:\WINDOWS\SYSTEM32\netutils.dll
0x00007ff90f600000 - 0x00007ff90f6b0000 	C:\WINDOWS\WinSxS\amd64_microsoft.windows.common-controls_6595b64144ccf1df_5.82.19041.1110_none_792d1c772443f647\COMCTL32.dll
0x00007ff930310000 - 0x00007ff93032d000 	C:\WINDOWS\SYSTEM32\dhcpcsvc.DLL
0x00007ff936360000 - 0x00007ff9363ca000 	C:\WINDOWS\SYSTEM32\MSWSOCK.DLL
0x00007ff937690000 - 0x00007ff9376c0000 	C:\WINDOWS\System32\IMM32.DLL
0x00007ff936790000 - 0x00007ff9367a2000 	C:\WINDOWS\SYSTEM32\MSASN1.dll
0x00007ff935690000 - 0x00007ff9356a2000 	C:\WINDOWS\SYSTEM32\kernel.appcore.dll
0x00007ff8e6380000 - 0x00007ff8e68a2000 	C:\appz\Xilinx\Vivado\2020.2\lib\win64.o\librdi_commontasks.dll
0x00007ff92f860000 - 0x00007ff92f86a000 	C:\WINDOWS\SYSTEM32\VERSION.dll
0x00007ff8e60a0000 - 0x00007ff8e6375000 	C:\appz\Xilinx\Vivado\2020.2\lib\win64.o\librdi_sio.dll
0x00007ff936050000 - 0x00007ff93608c000 	C:\WINDOWS\SYSTEM32\IPHLPAPI.DLL
0x00007ff8e5570000 - 0x00007ff8e6093000 	C:\appz\Xilinx\Vivado\2020.2\tps\win64\jre11.0.2\bin\server\jvm.dll
0x00007ff938050000 - 0x00007ff938058000 	C:\WINDOWS\System32\PSAPI.DLL
0x00007ff911c60000 - 0x00007ff911c87000 	C:\WINDOWS\SYSTEM32\WINMM.dll
0x00007ff934b60000 - 0x00007ff9352f3000 	C:\WINDOWS\SYSTEM32\windows.storage.dll
0x00007ff936600000 - 0x00007ff93662e000 	C:\WINDOWS\SYSTEM32\Wldp.dll
0x00007ff8da4f0000 - 0x00007ff8dcfae000 	C:\appz\Xilinx\Vivado\2020.2\lib\win64.o\librdi_tcltasks.dll
0x00007ff900220000 - 0x00007ff90029e000 	C:\appz\Xilinx\Vivado\2020.2\lib\win64.o\librdi_boarddep.dll
0x00007ff8e4fc0000 - 0x00007ff8e50b6000 	C:\appz\Xilinx\Vivado\2020.2\lib\win64.o\librdi_chipscope.dll
0x00007ff8e50c0000 - 0x00007ff8e5566000 	C:\appz\Xilinx\Vivado\2020.2\lib\win64.o\librdi_bitstream.dll
0x00007ff8e2740000 - 0x00007ff8e292a000 	C:\appz\Xilinx\Vivado\2020.2\lib\win64.o\librdi_chipscopeimpl.dll
0x00007ff8e4520000 - 0x00007ff8e4681000 	C:\appz\Xilinx\Vivado\2020.2\lib\win64.o\librdi_containers.dll
0x00007ff8e4e00000 - 0x00007ff8e4fb3000 	C:\appz\Xilinx\Vivado\2020.2\lib\win64.o\librdi_board.dll
0x00007ff8e1a00000 - 0x00007ff8e2118000 	C:\appz\Xilinx\Vivado\2020.2\lib\win64.o\librdi_coregenipxact.dll
0x00007ff8d63c0000 - 0x00007ff8d8121000 	C:\appz\Xilinx\Vivado\2020.2\lib\win64.o\librdi_designutils.dll
0x00007ff8d8130000 - 0x00007ff8da4ed000 	C:\appz\Xilinx\Vivado\2020.2\lib\win64.o\librdi_coregen.dll
0x00007ff8df150000 - 0x00007ff8df4b8000 	C:\appz\Xilinx\Vivado\2020.2\lib\win64.o\librdi_dlyest.dll
0x00007ff8ee680000 - 0x00007ff8ee733000 	C:\appz\Xilinx\Vivado\2020.2\lib\win64.o\librdi_dsp.dll
0x00007ff8bd780000 - 0x00007ff8bdddd000 	C:\appz\Xilinx\Vivado\2020.2\lib\win64.o\librdi_drc.dll
0x00007ff8baf60000 - 0x00007ff8bb27d000 	C:\appz\Xilinx\Vivado\2020.2\lib\win64.o\librdi_guitools.dll
0x00007ff8e23b0000 - 0x00007ff8e241b000 	C:\appz\Xilinx\Vivado\2020.2\lib\win64.o\librdi_hdf.dll
0x00007ff8bb280000 - 0x00007ff8bb942000 	C:\appz\Xilinx\Vivado\2020.2\lib\win64.o\librdi_filemgmt.dll
0x00007ff8bb950000 - 0x00007ff8bd77c000 	C:\appz\Xilinx\Vivado\2020.2\lib\win64.o\librdi_constraints.dll
0x00007ff8bace0000 - 0x00007ff8baf57000 	C:\appz\Xilinx\Vivado\2020.2\lib\win64.o\librdi_hip_devdesign.dll
0x00007ff8df000000 - 0x00007ff8df147000 	C:\appz\Xilinx\Vivado\2020.2\lib\win64.o\librdi_hip_perf_analysis.dll
0x00007ff8e1980000 - 0x00007ff8e19f2000 	C:\appz\Xilinx\Vivado\2020.2\lib\win64.o\librdi_memoryarray.dll
0x00007ff8b8ab0000 - 0x00007ff8b90fc000 	C:\appz\Xilinx\Vivado\2020.2\lib\win64.o\librdi_memdata.dll
0x00007ff8bdde0000 - 0x00007ff8d63bf000 	C:\appz\Xilinx\Vivado\2020.2\lib\win64.o\librdi_device.dll
0x00007ff8b5f30000 - 0x00007ff8b665c000 	C:\appz\Xilinx\Vivado\2020.2\lib\win64.o\librdi_netlist.dll
0x00007ff8e2350000 - 0x00007ff8e23a4000 	C:\appz\Xilinx\Vivado\2020.2\lib\win64.o\librdi_pfi.dll
0x00007ff8b9100000 - 0x00007ff8bacd4000 	C:\appz\Xilinx\Vivado\2020.2\lib\win64.o\librdi_implflow.dll
0x00007ff8b2500000 - 0x00007ff8b2d17000 	C:\appz\Xilinx\Vivado\2020.2\lib\win64.o\librdi_power.dll
0x00007ff8b1e80000 - 0x00007ff8b24f4000 	C:\appz\Xilinx\Vivado\2020.2\lib\win64.o\librdi_project.dll
0x00007ff8b2d20000 - 0x00007ff8b5f27000 	C:\appz\Xilinx\Vivado\2020.2\lib\win64.o\librdi_place.dll
0x00007ff8b1750000 - 0x00007ff8b1e72000 	C:\appz\Xilinx\Vivado\2020.2\lib\win64.o\librdi_psta.dll
0x00007ff8b6660000 - 0x00007ff8b8aa4000 	C:\appz\Xilinx\Vivado\2020.2\lib\win64.o\librdi_mig.dll
0x00007ff8b13b0000 - 0x00007ff8b174e000 	C:\appz\Xilinx\Vivado\2020.2\lib\win64.o\librdi_platform.dll
0x00007ff8b0ba0000 - 0x00007ff8b13ac000 	C:\appz\Xilinx\Vivado\2020.2\lib\win64.o\librdi_rsb.dll
0x00007ff8b0560000 - 0x00007ff8b0669000 	C:\appz\Xilinx\Vivado\2020.2\lib\win64.o\librdi_runsbase.dll
0x00007ff8b0670000 - 0x00007ff8b0b9b000 	C:\appz\Xilinx\Vivado\2020.2\lib\win64.o\librdi_runs.dll
0x00007ff8b02e0000 - 0x00007ff8b0554000 	C:\appz\Xilinx\Vivado\2020.2\lib\win64.o\librdi_simdata.dll
0x00007ff8af230000 - 0x00007ff8af346000 	C:\appz\Xilinx\Vivado\2020.2\lib\win64.o\librdi_xhub.dll
0x00007ff8af350000 - 0x00007ff8b02d1000 	C:\appz\Xilinx\Vivado\2020.2\lib\win64.o\librdi_timing.dll
0x00007ff8af040000 - 0x00007ff8af22b000 	C:\appz\Xilinx\Vivado\2020.2\lib\win64.o\librdi_advchipscopeimpl.dll
0x00007ff8e18d0000 - 0x00007ff8e1977000 	C:\appz\Xilinx\Vivado\2020.2\lib\win64.o\librdi_xhubtasks.dll
0x00007ff9001d0000 - 0x00007ff900217000 	C:\appz\Xilinx\Vivado\2020.2\lib\win64.o\libboost_serialization.dll
0x00007ff8aed40000 - 0x00007ff8af03b000 	C:\appz\Xilinx\Vivado\2020.2\lib\win64.o\librdi_hip_config.dll
0x00007ff8aec50000 - 0x00007ff8aed3b000 	C:\appz\Xilinx\Vivado\2020.2\lib\win64.o\librdi_ipconfig_readwrite.dll
0x00007ff8e12f0000 - 0x00007ff8e135a000 	C:\appz\Xilinx\Vivado\2020.2\lib\win64.o\librdi_noc_frameworks.dll
0x00007ff8ae700000 - 0x00007ff8aec4e000 	C:\appz\Xilinx\Vivado\2020.2\lib\win64.o\librdi_xdm.dll
0x00007ff8adb10000 - 0x00007ff8adb9d000 	C:\appz\Xilinx\Vivado\2020.2\lib\win64.o\treelite_runtime.dll
0x00007ff8e0120000 - 0x00007ff8e0166000 	C:\appz\Xilinx\Vivado\2020.2\lib\win64.o\libboost_graph.dll

dbghelp: loaded successfully - version: 4.0.5 - missing functions: none
symbol engine: initialized successfully - sym options: 0x614 - pdb path: .;C:\appz\Xilinx\Vivado\2020.2\bin\unwrapped\win64.o;C:\WINDOWS\SYSTEM32;C:\appz\Xilinx\Vivado\2020.2\lib\win64.o;C:\WINDOWS\WinSxS\amd64_microsoft.windows.common-controls_6595b64144ccf1df_5.82.19041.1110_none_792d1c772443f647;C:\appz\Xilinx\Vivado\2020.2\tps\win64\jre11.0.2\bin\server;C:\appz\Xilinx\Vivado\2020.2\tps\win64\python-3.8.3;C:\appz\Xilinx\Vivado\2020.2\tps\win64\jre11.0.2\bin;C:\WINDOWS\WinSxS\amd64_microsoft.windows.common-controls_6595b64144ccf1df_6.0.19041.1110_none_60b5254171f9507e;C:\Program Files\National Instruments\Shared\mDNS Responder;C:\WINDOWS\WinSxS\amd64_microsoft.windows.gdiplus_6595b64144ccf1df_1.1.19041.2251_none_91a40448cc8846c1

VM Arguments:
jvm_args: -Dsun.java2d.pmoffscreen=false -Dhttps.protocols=TLSv1,TLSv1.1,TLSv1.2 -Dsun.java2d.xrender=false -Dsun.java2d.d3d=false -Dsun.awt.nopixfmt=true -Dsun.java2d.dpiaware=true -Dsun.java2d.uiScale.enabled=false -Xverify:none -Dswing.aatext=true -XX:-UsePerfData -Djdk.map.althashing.threshold=512 -XX:StringTableSize=4072 --add-opens=java.base/java.nio=ALL-UNNAMED --add-opens=java.desktop/sun.swing=ALL-UNNAMED --add-opens=java.desktop/javax.swing=ALL-UNNAMED --add-opens=java.desktop/javax.swing.tree=ALL-UNNAMED --add-opens=java.desktop/javax.swing.plaf.basic=ALL-UNNAMED --add-opens=java.desktop/javax.swing.plaf.synth=ALL-UNNAMED --add-opens=java.desktop/com.sun.awt=ALL-UNNAMED -XX:NewSize=60m -XX:MaxNewSize=60m -Xms128m -Xmx3072m -Xss5m 
java_command: <unknown>
java_class_path (initial): C:/appz/Xilinx/Vivado/2020.2\lib\classes\alloy.jar;C:/appz/Xilinx/Vivado/2020.2\lib\classes\ArchiveSummary.jar;C:/appz/Xilinx/Vivado/2020.2\lib\classes\autoesl-models.jar;C:/appz/Xilinx/Vivado/2020.2\lib\classes\autopilot.scelaborator.jar;C:/appz/Xilinx/Vivado/2020.2\lib\classes\autopilot.sourceprocessor.jar;C:/appz/Xilinx/Vivado/2020.2\lib\classes\autopilot.tbprocessor.jar;C:/appz/Xilinx/Vivado/2020.2\lib\classes\batik-anim.jar;C:/appz/Xilinx/Vivado/2020.2\lib\classes\batik-awt-util.jar;C:/appz/Xilinx/Vivado/2020.2\lib\classes\batik-bridge.jar;C:/appz/Xilinx/Vivado/2020.2\lib\classes\batik-codec.jar;C:/appz/Xilinx/Vivado/2020.2\lib\classes\batik-css.jar;C:/appz/Xilinx/Vivado/2020.2\lib\classes\batik-dom.jar;C:/appz/Xilinx/Vivado/2020.2\lib\classes\batik-ext.jar;C:/appz/Xilinx/Vivado/2020.2\lib\classes\batik-gui-util.jar;C:/appz/Xilinx/Vivado/2020.2\lib\classes\batik-gvt.jar;C:/appz/Xilinx/Vivado/2020.2\lib\classes\batik-parser.jar;C:/appz/Xilinx/Vivado/2020.2\lib\classes\batik-script.jar;C:/appz/Xilinx/Vivado/2020.2\lib\classes\batik-svg-dom.jar;C:/appz/Xilinx/Vivado/2020.2\lib\classes\batik-swing.jar;C:/appz/Xilinx/Vivado/2020.2\lib\classes\batik-transcoder.jar;C:/appz/Xilinx/Vivado/2020.2\lib\classes\batik-util.jar;C:/appz/Xilinx/Vivado/2020.2\lib\classes\batik-xml.jar;C:/appz/Xilinx/Vivado/2020.2\lib\classes\com.google.gson_2.8.2.v20180104-1110.jar;C:/appz/Xilinx/Vivado/2020.2\lib\classes\com.google.guava_27.1.0.v20190517-1946.jar;C:/appz/Xilinx/Vivado/2020.2\lib\classes\com.ibm.icu_4.4.2.v20110208.jar;C:/appz/Xilinx/Vivado/2020.2\lib\classes\com.sigasi.hdt.connection_4.9.0.202009050929.jar;C:/appz/Xilinx/Vivado/2020.2\lib\classes\com.sigasi.hdt.epl_4.9.0.202009050929.jar;C:/appz/Xilinx/Vivado/2020.2\lib\classes\com.sigasi.hdt.project_4.9.0.202009050929.jar;C:/appz/Xilinx/Vivado/2020.2\lib\classes\com.sigasi.hdt.readonlyfilesystem_4.9.0.202009050929.jar;C:/appz/Xilinx/Vivado/2020.2\lib\classes\com.sigasi.lcm_4.9.0.202009050929.jar;C:
Launcher Type: generic

[Global flags]
     bool BytecodeVerificationLocal                = false                                     {product} {command line}
     bool BytecodeVerificationRemote               = false                                     {product} {command line}
     intx CICompilerCount                          = 3                                         {product} {ergonomic}
     uint ConcGCThreads                            = 1                                         {product} {ergonomic}
     uint G1ConcRefinementThreads                  = 4                                         {product} {ergonomic}
   size_t G1HeapRegionSize                         = 1048576                                   {product} {ergonomic}
    uintx GCDrainStackTargetSize                   = 64                                        {product} {ergonomic}
   size_t InitialHeapSize                          = 134217728                                 {product} {command line}
   size_t MarkStackSize                            = 4194304                                   {product} {ergonomic}
   size_t MaxHeapSize                              = 3221225472                                {product} {command line}
   size_t MaxNewSize                               = 62914560                                  {product} {command line}
   size_t MinHeapDeltaBytes                        = 1048576                                   {product} {ergonomic}
   size_t NewSize                                  = 62914560                                  {product} {command line}
    uintx NonNMethodCodeHeapSize                   = 5830092                                {pd product} {ergonomic}
    uintx NonProfiledCodeHeapSize                  = 122914074                              {pd product} {ergonomic}
    uintx ProfiledCodeHeapSize                     = 122914074                              {pd product} {ergonomic}
    uintx ReservedCodeCacheSize                    = 251658240                              {pd product} {ergonomic}
     bool SegmentedCodeCache                       = true                                      {product} {ergonomic}
    uintx StringTableSize                          = 4072                                      {product} {command line}
     intx ThreadStackSize                          = 5120                                   {pd product} {command line}
     bool UseCompressedClassPointers               = true                                 {lp64_product} {ergonomic}
     bool UseCompressedOops                        = true                                 {lp64_product} {ergonomic}
     bool UseG1GC                                  = true                                      {product} {ergonomic}
     bool UseLargePagesIndividualAllocation        = false                                  {pd product} {ergonomic}
     bool UsePerfData                              = false                                     {product} {command line}

Logging:
Log output configuration:
 #0: stdout all=warning uptime,level,tags
 #1: stderr all=off uptime,level,tags

Environment Variables:
PATH=C:/appz/Xilinx/Vivado/2020.2/bin;C:/appz/Xilinx/Vivado/2020.2/tps/win64/javafx-sdk-11.0.2/lib;C:/appz/Xilinx/Vivado/2020.2/tps/win64/javafx-sdk-11.0.2/bin;C:/appz/Xilinx/Vivado/2020.2/lib/win64.o;C:/appz/Xilinx/Vivado/2020.2/tps/win64/jre11.0.2/bin/server;C:/appz/Xilinx/Vivado/2020.2/tps/win64/jre11.0.2/bin;C:/appz/Xilinx/Vivado/2020.2/ids_lite/ISE/bin/nt64;C:/appz/Xilinx/Vivado/2020.2/ids_lite/ISE/lib/nt64;C:/appz/Xilinx/Vitis_HLS/2020.2/bin;C:\WINDOWS\system32;C:\WINDOWS;C:\WINDOWS\System32\Wbem;C:\WINDOWS\System32\WindowsPowerShell\v1.0\;C:\WINDOWS\System32\OpenSSH\;C:\Program Files\PuTTY\;C:\Program Files\Microsoft VS Code\bin;C:\Program Files\MATLAB\R2021b\runtime\win64;C:\Program Files\MATLAB\R2021b\bin;C:\Program Files (x86)\ATI Technologies\ATI.ACE\Core-Static;C:\Program Files\Git\cmd;C;C:\appz\VHDL\GnuWin32\bin;C:\Program Files (x86)\National Instruments\Shared\LabVIEW CLI;C:\Users\240967\AppData\Local\Microsoft\WindowsApps;;C:/appz/Xilinx/Vivado/2020.2\tps\mingw\6.2.0\win64.o\nt\bin;C:/appz/Xilinx/Vivado/2020.2\tps\mingw\6.2.0\win64.o\nt\libexec\gcc\x86_64-w64-mingw32\6.2.0;C:/appz/Xilinx/Vivado/2020.2\tps\win64\python-3.8.3;C:/appz/Xilinx/Vivado/2020.2\tps\win64\python-3.8.3\bin;C:/appz/Xilinx/Vivado/2020.2\tps\win64\python-3.8.3\lib;C:/appz/Xilinx/Vivado/2020.2\tps\win64\python-3.8.3\lib\site-packages
USERNAME=240967
OS=Windows_NT
PROCESSOR_IDENTIFIER=Intel64 Family 6 Model 158 Stepping 11, GenuineIntel



---------------  S Y S T E M  ---------------

OS: Windows 10 , 64 bit Build 19041 (10.0.19041.2788)

CPU:total 4 (initial active 4) (4 cores per cpu, 1 threads per core) family 6 model 158 stepping 11, cmov, cx8, fxsr, mmx, sse, sse2, sse3, ssse3, sse4.1, sse4.2, popcnt, avx, avx2, clmul, erms, 3dnowpref, lzcnt, tsc, tscinvbit, bmi1, bmi2, adx, fma

Memory: 4k page, system-wide physical 8033M (4409M free)
TotalPageFile size 9313M (AvailPageFile size 4060M)
current process WorkingSet (physical memory assigned to process): 595M, peak: 2329M
current process commit charge ("private bytes"): 2383M, peak: 2390M

vm_info: OpenJDK 64-Bit Server VM (11.0.2+9) for windows-amd64 JRE (11.0.2+9), built on Jan 18 2019 05:23:22 by "mach5one" with MS VC++ 15.5 (VS2017)

END.
