#-----------------------------------------------------------
# Vivado v2020.2 (64-bit)
# SW Build 3064766 on Wed Nov 18 09:12:45 MST 2020
# IP Build 3064653 on Wed Nov 18 14:17:31 MST 2020
# Start of session at: Sun Apr 16 10:34:10 2023
# Process ID: 16556
# Current directory: Z:/digital-electronics-1-project/DE1-projekt
# Command line: vivado.exe -gui_launcher_event rodinguilauncherevent12704 Z:\digital-electronics-1-project\DE1-projekt\DE1-projekt.xpr
# Log file: Z:/digital-electronics-1-project/DE1-projekt/vivado.log
# Journal file: Z:/digital-electronics-1-project/DE1-projekt\vivado.jou
#-----------------------------------------------------------
start_gui
open_project Z:/digital-electronics-1-project/DE1-projekt/DE1-projekt.xpr
WARNING: [filemgmt 56-3] Default IP Output Path : Could not find the directory 'Z:/digital-electronics-1-project/DE1-projekt/DE1-projekt.gen/sources_1'.
Scanning sources...
Finished scanning sources
INFO: [IP_Flow 19-234] Refreshing IP repositories
INFO: [IP_Flow 19-1704] No user IP repositories specified
INFO: [IP_Flow 19-2313] Loaded Vivado IP repository 'C:/Xilinx/Vivado/2020.2/data/ip'.
open_project: Time (s): cpu = 00:00:05 ; elapsed = 00:00:11 . Memory (MB): peak = 1019.961 ; gain = 0.000
update_compile_order -fileset sources_1
update_compile_order -fileset sources_1
close [ open Z:/digital-electronics-1-project/DE1-projekt/DE1-projekt.srcs/sources_1/new/clk_en1.vhd w ]
add_files Z:/digital-electronics-1-project/DE1-projekt/DE1-projekt.srcs/sources_1/new/clk_en1.vhd
update_compile_order -fileset sources_1
update_compile_order -fileset sources_1
export_ip_user_files -of_objects  [get_files Z:/digital-electronics-1-project/DE1-projekt/DE1-projekt.srcs/sources_1/new/clk_en1.vhd] -no_script -reset -force -quiet
remove_files  Z:/digital-electronics-1-project/DE1-projekt/DE1-projekt.srcs/sources_1/new/clk_en1.vhd
update_compile_order -fileset sources_1
update_compile_order -fileset sources_1
file mkdir Z:/digital-electronics-1-project/DE1-projekt/DE1-projekt.srcs/constrs_1
file mkdir Z:/digital-electronics-1-project/DE1-projekt/DE1-projekt.srcs/constrs_1/new
close [ open Z:/digital-electronics-1-project/DE1-projekt/DE1-projekt.srcs/constrs_1/new/nexys-a7-50t.xdc w ]
add_files -fileset constrs_1 Z:/digital-electronics-1-project/DE1-projekt/DE1-projekt.srcs/constrs_1/new/nexys-a7-50t.xdc
launch_runs impl_1 -to_step write_bitstream -jobs 4
INFO: [Common 17-41] Interrupt caught. Command should exit soon.
launch_runs: Time (s): cpu = 00:00:01 ; elapsed = 00:00:10 . Memory (MB): peak = 1019.961 ; gain = 0.000
INFO: [Common 17-344] 'launch_runs' was cancelled
reset_run synth_1
reset_runs: Time (s): cpu = 00:00:00 ; elapsed = 00:00:08 . Memory (MB): peak = 1019.961 ; gain = 0.000
launch_runs impl_1 -to_step write_bitstream -jobs 8
[Sun Apr 16 10:39:16 2023] Launched synth_1...
Run output will be captured here: Z:/digital-electronics-1-project/DE1-projekt/DE1-projekt.runs/synth_1/runme.log
[Sun Apr 16 10:39:17 2023] Launched impl_1...
Run output will be captured here: Z:/digital-electronics-1-project/DE1-projekt/DE1-projekt.runs/impl_1/runme.log
launch_runs: Time (s): cpu = 00:00:02 ; elapsed = 00:00:16 . Memory (MB): peak = 1019.961 ; gain = 0.000
reset_run synth_1
reset_runs: Time (s): cpu = 00:00:01 ; elapsed = 00:00:18 . Memory (MB): peak = 1019.961 ; gain = 0.000
exit
INFO: [Common 17-206] Exiting Vivado at Sun Apr 16 10:41:18 2023...
