#-----------------------------------------------------------
# Vivado v2020.2 (64-bit)
# SW Build 3064766 on Wed Nov 18 09:12:45 MST 2020
# IP Build 3064653 on Wed Nov 18 14:17:31 MST 2020
# Start of session at: Sun Apr 16 10:51:48 2023
# Process ID: 13800
# Current directory: C:/Users/marou/OneDrive - Vysoké uèení technické v Brnì/EKT-2-Leto/BPC-DE1/digital-electronics-1-project/DE1-projekt
# Command line: vivado.exe -gui_launcher_event rodinguilauncherevent17668 C:\Users\marou\OneDrive - Vysoké uèení technické v Brnì\EKT-2-Leto\BPC-DE1\digital-electronics-1-project\DE1-projekt\DE1-projekt.xpr
# Log file: C:/Users/marou/OneDrive - Vysoké uèení technické v Brnì/EKT-2-Leto/BPC-DE1/digital-electronics-1-project/DE1-projekt/vivado.log
# Journal file: C:/Users/marou/OneDrive - Vysoké uèení technické v Brnì/EKT-2-Leto/BPC-DE1/digital-electronics-1-project/DE1-projekt\vivado.jou
#-----------------------------------------------------------
start_gui
open_project {C:/Users/marou/OneDrive - Vysoké uèení technické v Brnì/EKT-2-Leto/BPC-DE1/digital-electronics-1-project/DE1-projekt/DE1-projekt.xpr}
INFO: [ProjectBase 1-489] The host OS only allows 260 characters in a normal path. The project is stored in a path with more than 80 characters. If you experience issues with IP, Block Designs, or files not being found, please consider moving the project to a location with a shorter path. Alternately consider using the OS subst command to map part of the path to a drive letter.
Current project path is 'C:/Users/marou/OneDrive - Vysoké uèení technické v Brnì/EKT-2-Leto/BPC-DE1/digital-electronics-1-project/DE1-projekt'
INFO: [Project 1-313] Project file moved from 'Z:/digital-electronics-1-project/DE1-projekt' since last save.
WARNING: [filemgmt 56-2] Default IP Output Path : Could not find the directory 'C:/Users/marou/OneDrive - Vysoké uèení technické v Brnì/EKT-2-Leto/BPC-DE1/digital-electronics-1-project/DE1-projekt/DE1-projekt.gen/sources_1', nor could it be found using path 'Z:/digital-electronics-1-project/DE1-projekt/DE1-projekt.gen/sources_1'.
Scanning sources...
Finished scanning sources
INFO: [IP_Flow 19-234] Refreshing IP repositories
INFO: [IP_Flow 19-1704] No user IP repositories specified
INFO: [IP_Flow 19-2313] Loaded Vivado IP repository 'C:/Xilinx/Vivado/2020.2/data/ip'.
open_project: Time (s): cpu = 00:00:05 ; elapsed = 00:00:06 . Memory (MB): peak = 1019.320 ; gain = 0.000
update_compile_order -fileset sources_1
launch_runs impl_1 -to_step write_bitstream -jobs 8
[Sun Apr 16 10:52:39 2023] Launched synth_1...
Run output will be captured here: C:/Users/marou/OneDrive - Vysoké uèení technické v Brnì/EKT-2-Leto/BPC-DE1/digital-electronics-1-project/DE1-projekt/DE1-projekt.runs/synth_1/runme.log
[Sun Apr 16 10:52:39 2023] Launched impl_1...
Run output will be captured here: C:/Users/marou/OneDrive - Vysoké uèení technické v Brnì/EKT-2-Leto/BPC-DE1/digital-electronics-1-project/DE1-projekt/DE1-projekt.runs/impl_1/runme.log
reset_run synth_1
launch_runs impl_1 -to_step write_bitstream -jobs 8
[Sun Apr 16 10:53:23 2023] Launched synth_1...
Run output will be captured here: C:/Users/marou/OneDrive - Vysoké uèení technické v Brnì/EKT-2-Leto/BPC-DE1/digital-electronics-1-project/DE1-projekt/DE1-projekt.runs/synth_1/runme.log
[Sun Apr 16 10:53:23 2023] Launched impl_1...
Run output will be captured here: C:/Users/marou/OneDrive - Vysoké uèení technické v Brnì/EKT-2-Leto/BPC-DE1/digital-electronics-1-project/DE1-projekt/DE1-projekt.runs/impl_1/runme.log
exit
INFO: [Common 17-206] Exiting Vivado at Sun Apr 16 10:54:28 2023...
