#-----------------------------------------------------------
# Vivado v2020.2 (64-bit)
# SW Build 3064766 on Wed Nov 18 09:12:45 MST 2020
# IP Build 3064653 on Wed Nov 18 14:17:31 MST 2020
# Start of session at: Tue Apr 18 13:52:31 2023
# Process ID: 22556
# Current directory: C:/Users/marou/Desktop/digital-electronics-1-project/DE1-projekt
# Command line: vivado.exe -gui_launcher_event rodinguilauncherevent19400 C:\Users\marou\Desktop\digital-electronics-1-project\DE1-projekt\DE1-projekt.xpr
# Log file: C:/Users/marou/Desktop/digital-electronics-1-project/DE1-projekt/vivado.log
# Journal file: C:/Users/marou/Desktop/digital-electronics-1-project/DE1-projekt\vivado.jou
#-----------------------------------------------------------
start_gui
open_project C:/Users/marou/Desktop/digital-electronics-1-project/DE1-projekt/DE1-projekt.xpr
WARNING: [filemgmt 56-3] Default IP Output Path : Could not find the directory 'C:/Users/marou/Desktop/digital-electronics-1-project/DE1-projekt/DE1-projekt.gen/sources_1'.
Scanning sources...
Finished scanning sources
INFO: [IP_Flow 19-234] Refreshing IP repositories
INFO: [IP_Flow 19-1704] No user IP repositories specified
INFO: [IP_Flow 19-2313] Loaded Vivado IP repository 'C:/Xilinx/Vivado/2020.2/data/ip'.
open_project: Time (s): cpu = 00:00:03 ; elapsed = 00:00:06 . Memory (MB): peak = 1018.828 ; gain = 0.000
update_compile_order -fileset sources_1
open_hw_manager
connect_hw_server -allow_non_jtag
INFO: [Labtools 27-2285] Connecting to hw_server url TCP:localhost:3121
INFO: [Labtools 27-2222] Launching hw_server...
INFO: [Labtools 27-2221] Launch Output:

****** Xilinx hw_server v2020.2
  **** Build date : Nov 18 2020 at 10:01:48
    ** Copyright 1986-2020 Xilinx, Inc. All Rights Reserved.


INFO: [Labtools 27-3415] Connecting to cs_server url TCP:localhost:3042
INFO: [Labtools 27-3417] Launching cs_server...
INFO: [Labtools 27-2221] Launch Output:


******** Xilinx cs_server v2020.2
  ****** Build date   : Nov 03 2020-22:02:56
    **** Build number : 2020.2.1604437376
      ** Copyright 2017-2020 Xilinx, Inc. All Rights Reserved.



connect_hw_server: Time (s): cpu = 00:00:00 ; elapsed = 00:00:09 . Memory (MB): peak = 1018.828 ; gain = 0.000
open_hw_target
INFO: [Labtoolstcl 44-466] Opening hw_target localhost:3121/xilinx_tcf/Digilent/210292AA7DEBA
current_hw_device [get_hw_devices xc7a50t_0]
refresh_hw_device -update_hw_probes false [lindex [get_hw_devices xc7a50t_0] 0]
INFO: [Labtools 27-1434] Device xc7a50t (JTAG device index = 0) is programmed with a design that has no supported debug core(s) in it.
set_property PROBES.FILE {} [get_hw_devices xc7a50t_0]
set_property FULL_PROBES.FILE {} [get_hw_devices xc7a50t_0]
set_property PROGRAM.FILE {C:/Users/marou/Desktop/digital-electronics-1-project/DE1-projekt/DE1-projekt.runs/impl_1/top.bit} [get_hw_devices xc7a50t_0]
program_hw_devices [get_hw_devices xc7a50t_0]
INFO: [Labtools 27-3164] End of startup status: HIGH
refresh_hw_device [lindex [get_hw_devices xc7a50t_0] 0]
INFO: [Labtools 27-1434] Device xc7a50t (JTAG device index = 0) is programmed with a design that has no supported debug core(s) in it.
close_hw_manager
reset_run synth_1
launch_runs impl_1 -to_step write_bitstream -jobs 8
[Tue Apr 18 14:04:37 2023] Launched synth_1...
Run output will be captured here: C:/Users/marou/Desktop/digital-electronics-1-project/DE1-projekt/DE1-projekt.runs/synth_1/runme.log
[Tue Apr 18 14:04:37 2023] Launched impl_1...
Run output will be captured here: C:/Users/marou/Desktop/digital-electronics-1-project/DE1-projekt/DE1-projekt.runs/impl_1/runme.log
reset_run impl_1
reset_run synth_1
launch_runs impl_1 -to_step write_bitstream -jobs 8
[Tue Apr 18 14:06:40 2023] Launched synth_1...
Run output will be captured here: C:/Users/marou/Desktop/digital-electronics-1-project/DE1-projekt/DE1-projekt.runs/synth_1/runme.log
[Tue Apr 18 14:06:40 2023] Launched impl_1...
Run output will be captured here: C:/Users/marou/Desktop/digital-electronics-1-project/DE1-projekt/DE1-projekt.runs/impl_1/runme.log
reset_run impl_1
reset_run synth_1
launch_runs impl_1 -to_step write_bitstream -jobs 8
[Tue Apr 18 14:08:39 2023] Launched synth_1...
Run output will be captured here: C:/Users/marou/Desktop/digital-electronics-1-project/DE1-projekt/DE1-projekt.runs/synth_1/runme.log
[Tue Apr 18 14:08:39 2023] Launched impl_1...
Run output will be captured here: C:/Users/marou/Desktop/digital-electronics-1-project/DE1-projekt/DE1-projekt.runs/impl_1/runme.log
reset_run impl_1
reset_run synth_1
launch_runs impl_1 -to_step write_bitstream -jobs 8
[Tue Apr 18 14:11:11 2023] Launched synth_1...
Run output will be captured here: C:/Users/marou/Desktop/digital-electronics-1-project/DE1-projekt/DE1-projekt.runs/synth_1/runme.log
[Tue Apr 18 14:11:12 2023] Launched impl_1...
Run output will be captured here: C:/Users/marou/Desktop/digital-electronics-1-project/DE1-projekt/DE1-projekt.runs/impl_1/runme.log
open_hw_manager
connect_hw_server -allow_non_jtag
INFO: [Labtools 27-2285] Connecting to hw_server url TCP:localhost:3121
INFO: [Labtools 27-2222] Launching hw_server...
INFO: [Labtools 27-2221] Launch Output:

****** Xilinx hw_server v2020.2
  **** Build date : Nov 18 2020 at 10:01:48
    ** Copyright 1986-2020 Xilinx, Inc. All Rights Reserved.


INFO: [Labtools 27-3415] Connecting to cs_server url TCP:localhost:3042
INFO: [Labtools 27-3417] Launching cs_server...
INFO: [Labtools 27-2221] Launch Output:


******** Xilinx cs_server v2020.2
  ****** Build date   : Nov 03 2020-22:02:56
    **** Build number : 2020.2.1604437376
      ** Copyright 2017-2020 Xilinx, Inc. All Rights Reserved.



connect_hw_server: Time (s): cpu = 00:00:00 ; elapsed = 00:00:08 . Memory (MB): peak = 2492.441 ; gain = 0.000
open_hw_target
INFO: [Labtoolstcl 44-466] Opening hw_target localhost:3121/xilinx_tcf/Digilent/210292AA7DEBA
set_property PROGRAM.FILE {C:/Users/marou/Desktop/digital-electronics-1-project/DE1-projekt/DE1-projekt.runs/impl_1/top.bit} [get_hw_devices xc7a50t_0]
current_hw_device [get_hw_devices xc7a50t_0]
refresh_hw_device -update_hw_probes false [lindex [get_hw_devices xc7a50t_0] 0]
INFO: [Labtools 27-1434] Device xc7a50t (JTAG device index = 0) is programmed with a design that has no supported debug core(s) in it.
set_property PROBES.FILE {} [get_hw_devices xc7a50t_0]
set_property FULL_PROBES.FILE {} [get_hw_devices xc7a50t_0]
set_property PROGRAM.FILE {C:/Users/marou/Desktop/digital-electronics-1-project/DE1-projekt/DE1-projekt.runs/impl_1/top.bit} [get_hw_devices xc7a50t_0]
program_hw_devices [get_hw_devices xc7a50t_0]
INFO: [Labtools 27-3164] End of startup status: HIGH
refresh_hw_device [lindex [get_hw_devices xc7a50t_0] 0]
INFO: [Labtools 27-1434] Device xc7a50t (JTAG device index = 0) is programmed with a design that has no supported debug core(s) in it.
reset_run impl_1 -prev_step 
launch_runs impl_1 -to_step write_bitstream -jobs 8
[Tue Apr 18 14:15:21 2023] Launched impl_1...
Run output will be captured here: C:/Users/marou/Desktop/digital-electronics-1-project/DE1-projekt/DE1-projekt.runs/impl_1/runme.log
set_property PROBES.FILE {} [get_hw_devices xc7a50t_0]
set_property FULL_PROBES.FILE {} [get_hw_devices xc7a50t_0]
set_property PROGRAM.FILE {C:/Users/marou/Desktop/digital-electronics-1-project/DE1-projekt/DE1-projekt.runs/impl_1/top.bit} [get_hw_devices xc7a50t_0]
program_hw_devices [get_hw_devices xc7a50t_0]
INFO: [Labtools 27-3164] End of startup status: HIGH
refresh_hw_device [lindex [get_hw_devices xc7a50t_0] 0]
INFO: [Labtools 27-1434] Device xc7a50t (JTAG device index = 0) is programmed with a design that has no supported debug core(s) in it.
reset_run synth_1
launch_runs impl_1 -to_step write_bitstream -jobs 8
[Tue Apr 18 14:16:44 2023] Launched synth_1...
Run output will be captured here: C:/Users/marou/Desktop/digital-electronics-1-project/DE1-projekt/DE1-projekt.runs/synth_1/runme.log
[Tue Apr 18 14:16:44 2023] Launched impl_1...
Run output will be captured here: C:/Users/marou/Desktop/digital-electronics-1-project/DE1-projekt/DE1-projekt.runs/impl_1/runme.log
set_property PROBES.FILE {} [get_hw_devices xc7a50t_0]
set_property FULL_PROBES.FILE {} [get_hw_devices xc7a50t_0]
set_property PROGRAM.FILE {C:/Users/marou/Desktop/digital-electronics-1-project/DE1-projekt/DE1-projekt.runs/impl_1/top.bit} [get_hw_devices xc7a50t_0]
program_hw_devices [get_hw_devices xc7a50t_0]
INFO: [Labtools 27-3164] End of startup status: HIGH
refresh_hw_device [lindex [get_hw_devices xc7a50t_0] 0]
INFO: [Labtools 27-1434] Device xc7a50t (JTAG device index = 0) is programmed with a design that has no supported debug core(s) in it.
reset_run impl_1 -prev_step 
launch_runs impl_1 -to_step write_bitstream -jobs 8
[Tue Apr 18 14:20:41 2023] Launched impl_1...
Run output will be captured here: C:/Users/marou/Desktop/digital-electronics-1-project/DE1-projekt/DE1-projekt.runs/impl_1/runme.log
reset_run synth_1
launch_runs impl_1 -to_step write_bitstream -jobs 8
[Tue Apr 18 14:23:00 2023] Launched synth_1...
Run output will be captured here: C:/Users/marou/Desktop/digital-electronics-1-project/DE1-projekt/DE1-projekt.runs/synth_1/runme.log
[Tue Apr 18 14:23:00 2023] Launched impl_1...
Run output will be captured here: C:/Users/marou/Desktop/digital-electronics-1-project/DE1-projekt/DE1-projekt.runs/impl_1/runme.log
set_property PROBES.FILE {} [get_hw_devices xc7a50t_0]
set_property FULL_PROBES.FILE {} [get_hw_devices xc7a50t_0]
set_property PROGRAM.FILE {C:/Users/marou/Desktop/digital-electronics-1-project/DE1-projekt/DE1-projekt.runs/impl_1/top.bit} [get_hw_devices xc7a50t_0]
program_hw_devices [get_hw_devices xc7a50t_0]
INFO: [Labtools 27-3164] End of startup status: HIGH
refresh_hw_device [lindex [get_hw_devices xc7a50t_0] 0]
INFO: [Labtools 27-1434] Device xc7a50t (JTAG device index = 0) is programmed with a design that has no supported debug core(s) in it.
close_hw_manager
reset_run synth_1
launch_runs impl_1 -to_step write_bitstream -jobs 8
[Tue Apr 18 14:39:47 2023] Launched synth_1...
Run output will be captured here: C:/Users/marou/Desktop/digital-electronics-1-project/DE1-projekt/DE1-projekt.runs/synth_1/runme.log
[Tue Apr 18 14:39:47 2023] Launched impl_1...
Run output will be captured here: C:/Users/marou/Desktop/digital-electronics-1-project/DE1-projekt/DE1-projekt.runs/impl_1/runme.log
reset_run synth_1
launch_runs impl_1 -to_step write_bitstream -jobs 8
[Tue Apr 18 14:48:54 2023] Launched synth_1...
Run output will be captured here: C:/Users/marou/Desktop/digital-electronics-1-project/DE1-projekt/DE1-projekt.runs/synth_1/runme.log
[Tue Apr 18 14:48:54 2023] Launched impl_1...
Run output will be captured here: C:/Users/marou/Desktop/digital-electronics-1-project/DE1-projekt/DE1-projekt.runs/impl_1/runme.log
reset_run synth_1
launch_runs impl_1 -to_step write_bitstream -jobs 8
[Tue Apr 18 14:49:57 2023] Launched synth_1...
Run output will be captured here: C:/Users/marou/Desktop/digital-electronics-1-project/DE1-projekt/DE1-projekt.runs/synth_1/runme.log
[Tue Apr 18 14:49:57 2023] Launched impl_1...
Run output will be captured here: C:/Users/marou/Desktop/digital-electronics-1-project/DE1-projekt/DE1-projekt.runs/impl_1/runme.log
reset_run synth_1
launch_runs impl_1 -to_step write_bitstream -jobs 8
[Tue Apr 18 14:51:09 2023] Launched synth_1...
Run output will be captured here: C:/Users/marou/Desktop/digital-electronics-1-project/DE1-projekt/DE1-projekt.runs/synth_1/runme.log
[Tue Apr 18 14:51:10 2023] Launched impl_1...
Run output will be captured here: C:/Users/marou/Desktop/digital-electronics-1-project/DE1-projekt/DE1-projekt.runs/impl_1/runme.log
reset_run synth_1
launch_runs impl_1 -to_step write_bitstream -jobs 8
[Tue Apr 18 14:52:15 2023] Launched synth_1...
Run output will be captured here: C:/Users/marou/Desktop/digital-electronics-1-project/DE1-projekt/DE1-projekt.runs/synth_1/runme.log
[Tue Apr 18 14:52:15 2023] Launched impl_1...
Run output will be captured here: C:/Users/marou/Desktop/digital-electronics-1-project/DE1-projekt/DE1-projekt.runs/impl_1/runme.log
reset_run synth_1
launch_runs impl_1 -to_step write_bitstream -jobs 8
[Tue Apr 18 14:54:32 2023] Launched synth_1...
Run output will be captured here: C:/Users/marou/Desktop/digital-electronics-1-project/DE1-projekt/DE1-projekt.runs/synth_1/runme.log
[Tue Apr 18 14:54:32 2023] Launched impl_1...
Run output will be captured here: C:/Users/marou/Desktop/digital-electronics-1-project/DE1-projekt/DE1-projekt.runs/impl_1/runme.log
reset_run synth_1
launch_runs impl_1 -to_step write_bitstream -jobs 8
[Tue Apr 18 14:56:16 2023] Launched synth_1...
Run output will be captured here: C:/Users/marou/Desktop/digital-electronics-1-project/DE1-projekt/DE1-projekt.runs/synth_1/runme.log
[Tue Apr 18 14:56:16 2023] Launched impl_1...
Run output will be captured here: C:/Users/marou/Desktop/digital-electronics-1-project/DE1-projekt/DE1-projekt.runs/impl_1/runme.log
reset_run synth_1
launch_runs impl_1 -to_step write_bitstream -jobs 8
[Tue Apr 18 14:57:31 2023] Launched synth_1...
Run output will be captured here: C:/Users/marou/Desktop/digital-electronics-1-project/DE1-projekt/DE1-projekt.runs/synth_1/runme.log
[Tue Apr 18 14:57:31 2023] Launched impl_1...
Run output will be captured here: C:/Users/marou/Desktop/digital-electronics-1-project/DE1-projekt/DE1-projekt.runs/impl_1/runme.log
reset_run synth_1
launch_runs impl_1 -to_step write_bitstream -jobs 8
[Tue Apr 18 14:58:20 2023] Launched synth_1...
Run output will be captured here: C:/Users/marou/Desktop/digital-electronics-1-project/DE1-projekt/DE1-projekt.runs/synth_1/runme.log
[Tue Apr 18 14:58:20 2023] Launched impl_1...
Run output will be captured here: C:/Users/marou/Desktop/digital-electronics-1-project/DE1-projekt/DE1-projekt.runs/impl_1/runme.log
reset_run synth_1
launch_runs synth_1 -jobs 8
[Tue Apr 18 14:59:05 2023] Launched synth_1...
Run output will be captured here: C:/Users/marou/Desktop/digital-electronics-1-project/DE1-projekt/DE1-projekt.runs/synth_1/runme.log
launch_runs impl_1 -jobs 8
[Tue Apr 18 15:00:01 2023] Launched impl_1...
Run output will be captured here: C:/Users/marou/Desktop/digital-electronics-1-project/DE1-projekt/DE1-projekt.runs/impl_1/runme.log
open_run impl_1
INFO: [Device 21-403] Loading part xc7a50ticsg324-1L
INFO: [Common 17-41] Interrupt caught. Command should exit soon.
Netlist sorting complete. Time (s): cpu = 00:00:00 ; elapsed = 00:00:00.017 . Memory (MB): peak = 2790.824 ; gain = 0.000
INFO: [Netlist 29-17] Analyzing 284 Unisim elements for replacement
INFO: [Netlist 29-28] Unisim Transformation completed in 0 CPU seconds
WARNING: [Netlist 29-101] Netlist 'top' is not ideal for floorplanning, since the cellview 'top' contains a large number of primitives.  Please consider enabling hierarchy in synthesis if you want to do floorplanning.
INFO: [Project 1-479] Netlist was created with Vivado 2020.2
open_run: Time (s): cpu = 00:00:08 ; elapsed = 00:00:12 . Memory (MB): peak = 2792.895 ; gain = 283.586
INFO: [Common 17-344] 'open_run' was cancelled
open_hw_manager
connect_hw_server -allow_non_jtag
INFO: [Labtools 27-2285] Connecting to hw_server url TCP:localhost:3121
INFO: [Labtools 27-2222] Launching hw_server...
INFO: [Labtools 27-2221] Launch Output:

****** Xilinx hw_server v2020.2
  **** Build date : Nov 18 2020 at 10:01:48
    ** Copyright 1986-2020 Xilinx, Inc. All Rights Reserved.


INFO: [Labtools 27-3415] Connecting to cs_server url TCP:localhost:3042
INFO: [Labtools 27-3417] Launching cs_server...
INFO: [Labtools 27-2221] Launch Output:


******** Xilinx cs_server v2020.2
  ****** Build date   : Nov 03 2020-22:02:56
    **** Build number : 2020.2.1604437376
      ** Copyright 2017-2020 Xilinx, Inc. All Rights Reserved.



connect_hw_server: Time (s): cpu = 00:00:00 ; elapsed = 00:00:08 . Memory (MB): peak = 2792.895 ; gain = 0.000
open_hw_target
INFO: [Labtoolstcl 44-466] Opening hw_target localhost:3121/xilinx_tcf/Digilent/210292AA7DEBA
current_hw_device [get_hw_devices xc7a50t_0]
refresh_hw_device -update_hw_probes false [lindex [get_hw_devices xc7a50t_0] 0]
INFO: [Labtools 27-1434] Device xc7a50t (JTAG device index = 0) is programmed with a design that has no supported debug core(s) in it.
ERROR: [Labtoolstcl 44-513] HW Target shutdown. Closing target: localhost:3121/xilinx_tcf/Digilent/210292AA7DEBA
INFO: [Labtoolstcl 44-466] Opening hw_target localhost:3121/xilinx_tcf/Digilent/210292AA7DEBA
INFO: [Labtools 27-1435] Device xc7a50t (JTAG device index = 0) is not programmed (DONE status = 0).
WARNING: [Labtoolstcl 44-129] No matching hw_ila_data was found.
launch_runs impl_1 -to_step write_bitstream -jobs 8
[Tue Apr 18 15:02:20 2023] Launched impl_1...
Run output will be captured here: C:/Users/marou/Desktop/digital-electronics-1-project/DE1-projekt/DE1-projekt.runs/impl_1/runme.log
set_property PROBES.FILE {} [get_hw_devices xc7a50t_0]
set_property FULL_PROBES.FILE {} [get_hw_devices xc7a50t_0]
set_property PROGRAM.FILE {C:/Users/marou/Desktop/digital-electronics-1-project/DE1-projekt/DE1-projekt.runs/impl_1/top.bit} [get_hw_devices xc7a50t_0]
program_hw_devices [get_hw_devices xc7a50t_0]
INFO: [Labtools 27-3164] End of startup status: HIGH
refresh_hw_device [lindex [get_hw_devices xc7a50t_0] 0]
INFO: [Labtools 27-1434] Device xc7a50t (JTAG device index = 0) is programmed with a design that has no supported debug core(s) in it.
reset_run synth_1
launch_runs impl_1 -to_step write_bitstream -jobs 8
[Tue Apr 18 15:07:21 2023] Launched synth_1...
Run output will be captured here: C:/Users/marou/Desktop/digital-electronics-1-project/DE1-projekt/DE1-projekt.runs/synth_1/runme.log
[Tue Apr 18 15:07:21 2023] Launched impl_1...
Run output will be captured here: C:/Users/marou/Desktop/digital-electronics-1-project/DE1-projekt/DE1-projekt.runs/impl_1/runme.log
set_property PROBES.FILE {} [get_hw_devices xc7a50t_0]
set_property FULL_PROBES.FILE {} [get_hw_devices xc7a50t_0]
set_property PROGRAM.FILE {C:/Users/marou/Desktop/digital-electronics-1-project/DE1-projekt/DE1-projekt.runs/impl_1/top.bit} [get_hw_devices xc7a50t_0]
program_hw_devices [get_hw_devices xc7a50t_0]
INFO: [Labtools 27-3164] End of startup status: HIGH
refresh_hw_device [lindex [get_hw_devices xc7a50t_0] 0]
INFO: [Labtools 27-1434] Device xc7a50t (JTAG device index = 0) is programmed with a design that has no supported debug core(s) in it.
reset_run impl_1 -prev_step 
launch_runs impl_1 -to_step write_bitstream -jobs 8
[Tue Apr 18 15:11:52 2023] Launched impl_1...
Run output will be captured here: C:/Users/marou/Desktop/digital-electronics-1-project/DE1-projekt/DE1-projekt.runs/impl_1/runme.log
open_run impl_1
Netlist sorting complete. Time (s): cpu = 00:00:00 ; elapsed = 00:00:00.013 . Memory (MB): peak = 2823.949 ; gain = 0.000
INFO: [Netlist 29-17] Analyzing 282 Unisim elements for replacement
INFO: [Netlist 29-28] Unisim Transformation completed in 0 CPU seconds
WARNING: [Netlist 29-101] Netlist 'top' is not ideal for floorplanning, since the cellview 'top' contains a large number of primitives.  Please consider enabling hierarchy in synthesis if you want to do floorplanning.
INFO: [Project 1-479] Netlist was created with Vivado 2020.2
INFO: [Project 1-570] Preparing netlist for logic optimization
INFO: [Timing 38-478] Restoring timing data from binary archive.
INFO: [Common 17-41] Interrupt caught. Command should exit soon.
INFO: [Timing 38-479] Binary timing data restore complete.
INFO: [Project 1-856] Restoring constraints from binary archive.
INFO: [Project 1-853] Binary constraint restore complete.
Reading XDEF placement.
Reading placer database...
Reading XDEF routing.
Restored from archive | CPU: 0.000000 secs | Memory: 0.000000 MB |
Finished XDEF File Restore: Time (s): cpu = 00:00:00 ; elapsed = 00:00:00.097 . Memory (MB): peak = 3480.836 ; gain = 0.000
open_run: Time (s): cpu = 00:00:07 ; elapsed = 00:00:09 . Memory (MB): peak = 3480.836 ; gain = 670.711
INFO: [Common 17-344] 'open_run' was cancelled
set_property PROBES.FILE {} [get_hw_devices xc7a50t_0]
set_property FULL_PROBES.FILE {} [get_hw_devices xc7a50t_0]
set_property PROGRAM.FILE {C:/Users/marou/Desktop/digital-electronics-1-project/DE1-projekt/DE1-projekt.runs/impl_1/top.bit} [get_hw_devices xc7a50t_0]
program_hw_devices [get_hw_devices xc7a50t_0]
INFO: [Labtools 27-3164] End of startup status: HIGH
refresh_hw_device [lindex [get_hw_devices xc7a50t_0] 0]
INFO: [Labtools 27-1434] Device xc7a50t (JTAG device index = 0) is programmed with a design that has no supported debug core(s) in it.
reset_run synth_1
launch_runs impl_1 -to_step write_bitstream -jobs 8
[Tue Apr 18 15:13:33 2023] Launched synth_1...
Run output will be captured here: C:/Users/marou/Desktop/digital-electronics-1-project/DE1-projekt/DE1-projekt.runs/synth_1/runme.log
[Tue Apr 18 15:13:33 2023] Launched impl_1...
Run output will be captured here: C:/Users/marou/Desktop/digital-electronics-1-project/DE1-projekt/DE1-projekt.runs/impl_1/runme.log
close_hw_manager
open_hw_manager
connect_hw_server -allow_non_jtag
INFO: [Labtools 27-2285] Connecting to hw_server url TCP:localhost:3121
INFO: [Labtools 27-2222] Launching hw_server...
INFO: [Labtools 27-2221] Launch Output:

****** Xilinx hw_server v2020.2
  **** Build date : Nov 18 2020 at 10:01:48
    ** Copyright 1986-2020 Xilinx, Inc. All Rights Reserved.


INFO: [Labtools 27-3415] Connecting to cs_server url TCP:localhost:3042
INFO: [Labtools 27-3417] Launching cs_server...
INFO: [Labtools 27-2221] Launch Output:


******** Xilinx cs_server v2020.2
  ****** Build date   : Nov 03 2020-22:02:56
    **** Build number : 2020.2.1604437376
      ** Copyright 2017-2020 Xilinx, Inc. All Rights Reserved.



connect_hw_server: Time (s): cpu = 00:00:00 ; elapsed = 00:00:08 . Memory (MB): peak = 3480.836 ; gain = 0.000
open_hw_target
INFO: [Labtoolstcl 44-466] Opening hw_target localhost:3121/xilinx_tcf/Digilent/210292AA7DEBA
set_property PROGRAM.FILE {C:/Users/marou/Desktop/digital-electronics-1-project/DE1-projekt/DE1-projekt.runs/impl_1/top.bit} [get_hw_devices xc7a50t_0]
current_hw_device [get_hw_devices xc7a50t_0]
refresh_hw_device -update_hw_probes false [lindex [get_hw_devices xc7a50t_0] 0]
INFO: [Labtools 27-1434] Device xc7a50t (JTAG device index = 0) is programmed with a design that has no supported debug core(s) in it.
set_property PROBES.FILE {} [get_hw_devices xc7a50t_0]
set_property FULL_PROBES.FILE {} [get_hw_devices xc7a50t_0]
set_property PROGRAM.FILE {C:/Users/marou/Desktop/digital-electronics-1-project/DE1-projekt/DE1-projekt.runs/impl_1/top.bit} [get_hw_devices xc7a50t_0]
program_hw_devices [get_hw_devices xc7a50t_0]
INFO: [Labtools 27-3164] End of startup status: HIGH
refresh_hw_device [lindex [get_hw_devices xc7a50t_0] 0]
INFO: [Labtools 27-1434] Device xc7a50t (JTAG device index = 0) is programmed with a design that has no supported debug core(s) in it.
reset_run impl_1 -prev_step 
launch_runs impl_1 -to_step write_bitstream -jobs 8
[Tue Apr 18 15:22:07 2023] Launched impl_1...
Run output will be captured here: C:/Users/marou/Desktop/digital-electronics-1-project/DE1-projekt/DE1-projekt.runs/impl_1/runme.log
set_property PROBES.FILE {} [get_hw_devices xc7a50t_0]
set_property FULL_PROBES.FILE {} [get_hw_devices xc7a50t_0]
set_property PROGRAM.FILE {C:/Users/marou/Desktop/digital-electronics-1-project/DE1-projekt/DE1-projekt.runs/impl_1/top.bit} [get_hw_devices xc7a50t_0]
program_hw_devices [get_hw_devices xc7a50t_0]
INFO: [Labtools 27-3164] End of startup status: HIGH
refresh_hw_device [lindex [get_hw_devices xc7a50t_0] 0]
INFO: [Labtools 27-1434] Device xc7a50t (JTAG device index = 0) is programmed with a design that has no supported debug core(s) in it.
reset_run synth_1
launch_runs impl_1 -to_step write_bitstream -jobs 8
[Tue Apr 18 15:23:19 2023] Launched synth_1...
Run output will be captured here: C:/Users/marou/Desktop/digital-electronics-1-project/DE1-projekt/DE1-projekt.runs/synth_1/runme.log
[Tue Apr 18 15:23:19 2023] Launched impl_1...
Run output will be captured here: C:/Users/marou/Desktop/digital-electronics-1-project/DE1-projekt/DE1-projekt.runs/impl_1/runme.log
set_property PROBES.FILE {} [get_hw_devices xc7a50t_0]
set_property FULL_PROBES.FILE {} [get_hw_devices xc7a50t_0]
set_property PROGRAM.FILE {C:/Users/marou/Desktop/digital-electronics-1-project/DE1-projekt/DE1-projekt.runs/impl_1/top.bit} [get_hw_devices xc7a50t_0]
program_hw_devices [get_hw_devices xc7a50t_0]
INFO: [Labtools 27-3164] End of startup status: HIGH
refresh_hw_device [lindex [get_hw_devices xc7a50t_0] 0]
INFO: [Labtools 27-1434] Device xc7a50t (JTAG device index = 0) is programmed with a design that has no supported debug core(s) in it.
reset_run impl_1
launch_runs impl_1 -jobs 8
[Tue Apr 18 15:26:38 2023] Launched impl_1...
Run output will be captured here: C:/Users/marou/Desktop/digital-electronics-1-project/DE1-projekt/DE1-projekt.runs/impl_1/runme.log
reset_run synth_1
launch_runs impl_1 -to_step write_bitstream -jobs 8
[Tue Apr 18 15:28:01 2023] Launched synth_1...
Run output will be captured here: C:/Users/marou/Desktop/digital-electronics-1-project/DE1-projekt/DE1-projekt.runs/synth_1/runme.log
[Tue Apr 18 15:28:01 2023] Launched impl_1...
Run output will be captured here: C:/Users/marou/Desktop/digital-electronics-1-project/DE1-projekt/DE1-projekt.runs/impl_1/runme.log
set_property PROBES.FILE {} [get_hw_devices xc7a50t_0]
set_property FULL_PROBES.FILE {} [get_hw_devices xc7a50t_0]
set_property PROGRAM.FILE {C:/Users/marou/Desktop/digital-electronics-1-project/DE1-projekt/DE1-projekt.runs/impl_1/top.bit} [get_hw_devices xc7a50t_0]
program_hw_devices [get_hw_devices xc7a50t_0]
INFO: [Labtools 27-3164] End of startup status: HIGH
refresh_hw_device [lindex [get_hw_devices xc7a50t_0] 0]
INFO: [Labtools 27-1434] Device xc7a50t (JTAG device index = 0) is programmed with a design that has no supported debug core(s) in it.
reset_run impl_1
launch_runs impl_1 -jobs 8
[Tue Apr 18 15:30:33 2023] Launched impl_1...
Run output will be captured here: C:/Users/marou/Desktop/digital-electronics-1-project/DE1-projekt/DE1-projekt.runs/impl_1/runme.log
launch_runs impl_1 -to_step write_bitstream -jobs 8
[Tue Apr 18 15:31:46 2023] Launched impl_1...
Run output will be captured here: C:/Users/marou/Desktop/digital-electronics-1-project/DE1-projekt/DE1-projekt.runs/impl_1/runme.log
set_property PROBES.FILE {} [get_hw_devices xc7a50t_0]
set_property FULL_PROBES.FILE {} [get_hw_devices xc7a50t_0]
set_property PROGRAM.FILE {C:/Users/marou/Desktop/digital-electronics-1-project/DE1-projekt/DE1-projekt.runs/impl_1/top.bit} [get_hw_devices xc7a50t_0]
program_hw_devices [get_hw_devices xc7a50t_0]
INFO: [Labtools 27-3164] End of startup status: HIGH
refresh_hw_device [lindex [get_hw_devices xc7a50t_0] 0]
INFO: [Labtools 27-1434] Device xc7a50t (JTAG device index = 0) is programmed with a design that has no supported debug core(s) in it.
reset_run impl_1
launch_runs impl_1 -jobs 8
[Tue Apr 18 15:33:13 2023] Launched impl_1...
Run output will be captured here: C:/Users/marou/Desktop/digital-electronics-1-project/DE1-projekt/DE1-projekt.runs/impl_1/runme.log
reset_run synth_1
launch_runs impl_1 -to_step write_bitstream -jobs 8
[Tue Apr 18 15:34:26 2023] Launched synth_1...
Run output will be captured here: C:/Users/marou/Desktop/digital-electronics-1-project/DE1-projekt/DE1-projekt.runs/synth_1/runme.log
[Tue Apr 18 15:34:26 2023] Launched impl_1...
Run output will be captured here: C:/Users/marou/Desktop/digital-electronics-1-project/DE1-projekt/DE1-projekt.runs/impl_1/runme.log
set_property PROBES.FILE {} [get_hw_devices xc7a50t_0]
set_property FULL_PROBES.FILE {} [get_hw_devices xc7a50t_0]
set_property PROGRAM.FILE {C:/Users/marou/Desktop/digital-electronics-1-project/DE1-projekt/DE1-projekt.runs/impl_1/top.bit} [get_hw_devices xc7a50t_0]
program_hw_devices [get_hw_devices xc7a50t_0]
INFO: [Labtools 27-3164] End of startup status: HIGH
refresh_hw_device [lindex [get_hw_devices xc7a50t_0] 0]
INFO: [Labtools 27-1434] Device xc7a50t (JTAG device index = 0) is programmed with a design that has no supported debug core(s) in it.
reset_run impl_1
launch_runs impl_1 -jobs 8
[Tue Apr 18 15:38:00 2023] Launched impl_1...
Run output will be captured here: C:/Users/marou/Desktop/digital-electronics-1-project/DE1-projekt/DE1-projekt.runs/impl_1/runme.log
reset_run synth_1
launch_runs impl_1 -to_step write_bitstream -jobs 8
[Tue Apr 18 15:39:14 2023] Launched synth_1...
Run output will be captured here: C:/Users/marou/Desktop/digital-electronics-1-project/DE1-projekt/DE1-projekt.runs/synth_1/runme.log
[Tue Apr 18 15:39:14 2023] Launched impl_1...
Run output will be captured here: C:/Users/marou/Desktop/digital-electronics-1-project/DE1-projekt/DE1-projekt.runs/impl_1/runme.log
set_property PROBES.FILE {} [get_hw_devices xc7a50t_0]
set_property FULL_PROBES.FILE {} [get_hw_devices xc7a50t_0]
set_property PROGRAM.FILE {C:/Users/marou/Desktop/digital-electronics-1-project/DE1-projekt/DE1-projekt.runs/impl_1/top.bit} [get_hw_devices xc7a50t_0]
program_hw_devices [get_hw_devices xc7a50t_0]
INFO: [Labtools 27-3164] End of startup status: HIGH
refresh_hw_device [lindex [get_hw_devices xc7a50t_0] 0]
INFO: [Labtools 27-1434] Device xc7a50t (JTAG device index = 0) is programmed with a design that has no supported debug core(s) in it.
reset_run impl_1
launch_runs impl_1 -jobs 8
[Tue Apr 18 15:56:01 2023] Launched impl_1...
Run output will be captured here: C:/Users/marou/Desktop/digital-electronics-1-project/DE1-projekt/DE1-projekt.runs/impl_1/runme.log
reset_run synth_1
launch_runs impl_1 -jobs 8
[Tue Apr 18 16:00:06 2023] Launched synth_1...
Run output will be captured here: C:/Users/marou/Desktop/digital-electronics-1-project/DE1-projekt/DE1-projekt.runs/synth_1/runme.log
[Tue Apr 18 16:00:06 2023] Launched impl_1...
Run output will be captured here: C:/Users/marou/Desktop/digital-electronics-1-project/DE1-projekt/DE1-projekt.runs/impl_1/runme.log
launch_runs impl_1 -to_step write_bitstream -jobs 8
[Tue Apr 18 16:02:03 2023] Launched impl_1...
Run output will be captured here: C:/Users/marou/Desktop/digital-electronics-1-project/DE1-projekt/DE1-projekt.runs/impl_1/runme.log
set_property PROBES.FILE {} [get_hw_devices xc7a50t_0]
set_property FULL_PROBES.FILE {} [get_hw_devices xc7a50t_0]
set_property PROGRAM.FILE {C:/Users/marou/Desktop/digital-electronics-1-project/DE1-projekt/DE1-projekt.runs/impl_1/top.bit} [get_hw_devices xc7a50t_0]
program_hw_devices [get_hw_devices xc7a50t_0]
INFO: [Labtools 27-3164] End of startup status: HIGH
refresh_hw_device [lindex [get_hw_devices xc7a50t_0] 0]
INFO: [Labtools 27-1434] Device xc7a50t (JTAG device index = 0) is programmed with a design that has no supported debug core(s) in it.
