#-----------------------------------------------------------
# Vivado v2020.2 (64-bit)
# SW Build 3064766 on Wed Nov 18 09:12:45 MST 2020
# IP Build 3064653 on Wed Nov 18 14:17:31 MST 2020
# Start of session at: Thu Apr 20 14:57:31 2023
# Process ID: 15320
# Current directory: D:/digital-electronics-1-project/DE1-projekt
# Command line: vivado.exe -gui_launcher_event rodinguilauncherevent20356 D:\digital-electronics-1-project\DE1-projekt\DE1-projekt.xpr
# Log file: D:/digital-electronics-1-project/DE1-projekt/vivado.log
# Journal file: D:/digital-electronics-1-project/DE1-projekt\vivado.jou
#-----------------------------------------------------------
start_gui
open_project D:/digital-electronics-1-project/DE1-projekt/DE1-projekt.xpr
INFO: [Project 1-313] Project file moved from 'C:/Users/240598/Documents/digital-electronics-1-project/DE1-projekt' since last save.
WARNING: [filemgmt 56-2] Default IP Output Path : Could not find the directory 'D:/digital-electronics-1-project/DE1-projekt/DE1-projekt.gen/sources_1', nor could it be found using path 'C:/Users/240598/Documents/digital-electronics-1-project/DE1-projekt/DE1-projekt.gen/sources_1'.
Scanning sources...
Finished scanning sources
INFO: [IP_Flow 19-234] Refreshing IP repositories
INFO: [IP_Flow 19-1704] No user IP repositories specified
INFO: [IP_Flow 19-2313] Loaded Vivado IP repository 'C:/Xilinx/Vivado/2020.2/data/ip'.
open_project: Time (s): cpu = 00:00:06 ; elapsed = 00:00:06 . Memory (MB): peak = 1015.074 ; gain = 0.000
update_compile_order -fileset sources_1
exit
INFO: [Common 17-206] Exiting Vivado at Thu Apr 20 14:58:03 2023...
