#-----------------------------------------------------------
# Vivado v2020.2 (64-bit)
# SW Build 3064766 on Wed Nov 18 09:12:45 MST 2020
# IP Build 3064653 on Wed Nov 18 14:17:31 MST 2020
# Start of session at: Thu Apr 27 11:08:58 2023
# Process ID: 10808
# Current directory: C:/Users/240967/Desktop/digital-electronics-1-project/DE1-projekt
# Command line: vivado.exe -gui_launcher_event rodinguilauncherevent12660 C:\Users\240967\Desktop\digital-electronics-1-project\DE1-projekt\DE1-projekt.xpr
# Log file: C:/Users/240967/Desktop/digital-electronics-1-project/DE1-projekt/vivado.log
# Journal file: C:/Users/240967/Desktop/digital-electronics-1-project/DE1-projekt\vivado.jou
#-----------------------------------------------------------
start_gui
open_project C:/Users/240967/Desktop/digital-electronics-1-project/DE1-projekt/DE1-projekt.xpr
WARNING: [filemgmt 56-3] Default IP Output Path : Could not find the directory 'C:/Users/240967/Desktop/digital-electronics-1-project/DE1-projekt/DE1-projekt.gen/sources_1'.
Scanning sources...
Finished scanning sources
INFO: [IP_Flow 19-234] Refreshing IP repositories
INFO: [IP_Flow 19-1704] No user IP repositories specified
INFO: [IP_Flow 19-2313] Loaded Vivado IP repository 'C:/appz/Xilinx/Vivado/2020.2/data/ip'.
open_project: Time (s): cpu = 00:00:11 ; elapsed = 00:00:05 . Memory (MB): peak = 1178.461 ; gain = 0.000
update_compile_order -fileset sources_1
open_hw_manager
connect_hw_server -allow_non_jtag
INFO: [Labtools 27-2285] Connecting to hw_server url TCP:localhost:3121
INFO: [Labtools 27-2222] Launching hw_server...
INFO: [Labtools 27-2221] Launch Output:

****** Xilinx hw_server v2020.2
  **** Build date : Nov 18 2020 at 10:01:48
    ** Copyright 1986-2020 Xilinx, Inc. All Rights Reserved.


INFO: [Labtools 27-3415] Connecting to cs_server url TCP:localhost:3042
INFO: [Labtools 27-3417] Launching cs_server...
INFO: [Labtools 27-2221] Launch Output:


******** Xilinx cs_server v2020.2
  ****** Build date   : Nov 03 2020-22:02:56
    **** Build number : 2020.2.1604437376
      ** Copyright 2017-2020 Xilinx, Inc. All Rights Reserved.



connect_hw_server: Time (s): cpu = 00:00:01 ; elapsed = 00:00:08 . Memory (MB): peak = 1178.461 ; gain = 0.000
open_hw_target
INFO: [Labtoolstcl 44-466] Opening hw_target localhost:3121/xilinx_tcf/Digilent/210292B40D29A
open_hw_target: Time (s): cpu = 00:00:05 ; elapsed = 00:00:05 . Memory (MB): peak = 2313.156 ; gain = 1134.695
current_hw_device [get_hw_devices xc7a50t_0]
refresh_hw_device -update_hw_probes false [lindex [get_hw_devices xc7a50t_0] 0]
INFO: [Labtools 27-1434] Device xc7a50t (JTAG device index = 0) is programmed with a design that has no supported debug core(s) in it.
reset_run synth_1
launch_runs impl_1 -to_step write_bitstream -jobs 4
[Thu Apr 27 11:10:51 2023] Launched synth_1...
Run output will be captured here: C:/Users/240967/Desktop/digital-electronics-1-project/DE1-projekt/DE1-projekt.runs/synth_1/runme.log
[Thu Apr 27 11:10:51 2023] Launched impl_1...
Run output will be captured here: C:/Users/240967/Desktop/digital-electronics-1-project/DE1-projekt/DE1-projekt.runs/impl_1/runme.log
set_property PROBES.FILE {} [get_hw_devices xc7a50t_0]
set_property FULL_PROBES.FILE {} [get_hw_devices xc7a50t_0]
set_property PROGRAM.FILE {C:/Users/240967/Desktop/digital-electronics-1-project/DE1-projekt/DE1-projekt.runs/impl_1/top.bit} [get_hw_devices xc7a50t_0]
program_hw_devices [get_hw_devices xc7a50t_0]
INFO: [Labtools 27-3164] End of startup status: HIGH
refresh_hw_device [lindex [get_hw_devices xc7a50t_0] 0]
INFO: [Labtools 27-1434] Device xc7a50t (JTAG device index = 0) is programmed with a design that has no supported debug core(s) in it.
reset_run impl_1 -prev_step 
launch_runs impl_1 -to_step write_bitstream -jobs 4
[Thu Apr 27 11:17:28 2023] Launched impl_1...
Run output will be captured here: C:/Users/240967/Desktop/digital-electronics-1-project/DE1-projekt/DE1-projekt.runs/impl_1/runme.log
reset_run impl_1 -prev_step 
reset_run synth_1
launch_runs impl_1 -to_step write_bitstream -jobs 4
[Thu Apr 27 11:18:21 2023] Launched synth_1...
Run output will be captured here: C:/Users/240967/Desktop/digital-electronics-1-project/DE1-projekt/DE1-projekt.runs/synth_1/runme.log
[Thu Apr 27 11:18:21 2023] Launched impl_1...
Run output will be captured here: C:/Users/240967/Desktop/digital-electronics-1-project/DE1-projekt/DE1-projekt.runs/impl_1/runme.log
reset_run impl_1
reset_run synth_1
launch_runs impl_1 -to_step write_bitstream -jobs 4
[Thu Apr 27 11:20:28 2023] Launched synth_1...
Run output will be captured here: C:/Users/240967/Desktop/digital-electronics-1-project/DE1-projekt/DE1-projekt.runs/synth_1/runme.log
[Thu Apr 27 11:20:28 2023] Launched impl_1...
Run output will be captured here: C:/Users/240967/Desktop/digital-electronics-1-project/DE1-projekt/DE1-projekt.runs/impl_1/runme.log
reset_run synth_1
launch_runs impl_1 -to_step write_bitstream -jobs 4
[Thu Apr 27 11:21:19 2023] Launched synth_1...
Run output will be captured here: C:/Users/240967/Desktop/digital-electronics-1-project/DE1-projekt/DE1-projekt.runs/synth_1/runme.log
[Thu Apr 27 11:21:19 2023] Launched impl_1...
Run output will be captured here: C:/Users/240967/Desktop/digital-electronics-1-project/DE1-projekt/DE1-projekt.runs/impl_1/runme.log
set_property PROBES.FILE {} [get_hw_devices xc7a50t_0]
set_property FULL_PROBES.FILE {} [get_hw_devices xc7a50t_0]
set_property PROGRAM.FILE {C:/Users/240967/Desktop/digital-electronics-1-project/DE1-projekt/DE1-projekt.runs/impl_1/top.bit} [get_hw_devices xc7a50t_0]
program_hw_devices [get_hw_devices xc7a50t_0]
INFO: [Labtools 27-3164] End of startup status: HIGH
refresh_hw_device [lindex [get_hw_devices xc7a50t_0] 0]
INFO: [Labtools 27-1434] Device xc7a50t (JTAG device index = 0) is programmed with a design that has no supported debug core(s) in it.
reset_run impl_1 -prev_step 
launch_runs impl_1 -to_step write_bitstream -jobs 4
[Thu Apr 27 11:30:00 2023] Launched impl_1...
Run output will be captured here: C:/Users/240967/Desktop/digital-electronics-1-project/DE1-projekt/DE1-projekt.runs/impl_1/runme.log
set_property PROBES.FILE {} [get_hw_devices xc7a50t_0]
set_property FULL_PROBES.FILE {} [get_hw_devices xc7a50t_0]
set_property PROGRAM.FILE {C:/Users/240967/Desktop/digital-electronics-1-project/DE1-projekt/DE1-projekt.runs/impl_1/top.bit} [get_hw_devices xc7a50t_0]
program_hw_devices [get_hw_devices xc7a50t_0]
INFO: [Labtools 27-3164] End of startup status: HIGH
refresh_hw_device [lindex [get_hw_devices xc7a50t_0] 0]
INFO: [Labtools 27-1434] Device xc7a50t (JTAG device index = 0) is programmed with a design that has no supported debug core(s) in it.
reset_run synth_1
launch_runs impl_1 -to_step write_bitstream -jobs 4
[Thu Apr 27 11:31:09 2023] Launched synth_1...
Run output will be captured here: C:/Users/240967/Desktop/digital-electronics-1-project/DE1-projekt/DE1-projekt.runs/synth_1/runme.log
[Thu Apr 27 11:31:09 2023] Launched impl_1...
Run output will be captured here: C:/Users/240967/Desktop/digital-electronics-1-project/DE1-projekt/DE1-projekt.runs/impl_1/runme.log
set_property PROBES.FILE {} [get_hw_devices xc7a50t_0]
set_property FULL_PROBES.FILE {} [get_hw_devices xc7a50t_0]
set_property PROGRAM.FILE {C:/Users/240967/Desktop/digital-electronics-1-project/DE1-projekt/DE1-projekt.runs/impl_1/top.bit} [get_hw_devices xc7a50t_0]
program_hw_devices [get_hw_devices xc7a50t_0]
INFO: [Labtools 27-3164] End of startup status: HIGH
refresh_hw_device [lindex [get_hw_devices xc7a50t_0] 0]
INFO: [Labtools 27-1434] Device xc7a50t (JTAG device index = 0) is programmed with a design that has no supported debug core(s) in it.
reset_run impl_1
launch_runs impl_1 -jobs 4
[Thu Apr 27 11:34:46 2023] Launched impl_1...
Run output will be captured here: C:/Users/240967/Desktop/digital-electronics-1-project/DE1-projekt/DE1-projekt.runs/impl_1/runme.log
reset_run synth_1
launch_runs impl_1 -to_step write_bitstream -jobs 4
[Thu Apr 27 11:36:08 2023] Launched synth_1...
Run output will be captured here: C:/Users/240967/Desktop/digital-electronics-1-project/DE1-projekt/DE1-projekt.runs/synth_1/runme.log
[Thu Apr 27 11:36:08 2023] Launched impl_1...
Run output will be captured here: C:/Users/240967/Desktop/digital-electronics-1-project/DE1-projekt/DE1-projekt.runs/impl_1/runme.log
set_property PROBES.FILE {} [get_hw_devices xc7a50t_0]
set_property FULL_PROBES.FILE {} [get_hw_devices xc7a50t_0]
set_property PROGRAM.FILE {C:/Users/240967/Desktop/digital-electronics-1-project/DE1-projekt/DE1-projekt.runs/impl_1/top.bit} [get_hw_devices xc7a50t_0]
program_hw_devices [get_hw_devices xc7a50t_0]
INFO: [Labtools 27-3164] End of startup status: HIGH
refresh_hw_device [lindex [get_hw_devices xc7a50t_0] 0]
INFO: [Labtools 27-1434] Device xc7a50t (JTAG device index = 0) is programmed with a design that has no supported debug core(s) in it.
reset_run impl_1 -prev_step 
launch_runs impl_1 -to_step write_bitstream -jobs 4
[Thu Apr 27 11:39:41 2023] Launched impl_1...
Run output will be captured here: C:/Users/240967/Desktop/digital-electronics-1-project/DE1-projekt/DE1-projekt.runs/impl_1/runme.log
reset_run synth_1
launch_runs impl_1 -to_step write_bitstream -jobs 4
[Thu Apr 27 11:40:35 2023] Launched synth_1...
Run output will be captured here: C:/Users/240967/Desktop/digital-electronics-1-project/DE1-projekt/DE1-projekt.runs/synth_1/runme.log
[Thu Apr 27 11:40:35 2023] Launched impl_1...
Run output will be captured here: C:/Users/240967/Desktop/digital-electronics-1-project/DE1-projekt/DE1-projekt.runs/impl_1/runme.log
set_property PROBES.FILE {} [get_hw_devices xc7a50t_0]
set_property FULL_PROBES.FILE {} [get_hw_devices xc7a50t_0]
set_property PROGRAM.FILE {C:/Users/240967/Desktop/digital-electronics-1-project/DE1-projekt/DE1-projekt.runs/impl_1/top.bit} [get_hw_devices xc7a50t_0]
program_hw_devices [get_hw_devices xc7a50t_0]
INFO: [Labtools 27-3164] End of startup status: HIGH
refresh_hw_device [lindex [get_hw_devices xc7a50t_0] 0]
INFO: [Labtools 27-1434] Device xc7a50t (JTAG device index = 0) is programmed with a design that has no supported debug core(s) in it.
close_hw_manager
reset_run synth_1
