#-----------------------------------------------------------
# Vivado v2020.2 (64-bit)
# SW Build 3064766 on Wed Nov 18 09:12:45 MST 2020
# IP Build 3064653 on Wed Nov 18 14:17:31 MST 2020
# Start of session at: Tue Apr 25 13:04:47 2023
# Process ID: 5116
# Current directory: C:/Users/240967/Desktop/DE-projekt/digital-electronics-1-project/DE1-projekt
# Command line: vivado.exe -gui_launcher_event rodinguilauncherevent4124 C:\Users\240967\Desktop\DE-projekt\digital-electronics-1-project\DE1-projekt\DE1-projekt.xpr
# Log file: C:/Users/240967/Desktop/DE-projekt/digital-electronics-1-project/DE1-projekt/vivado.log
# Journal file: C:/Users/240967/Desktop/DE-projekt/digital-electronics-1-project/DE1-projekt\vivado.jou
#-----------------------------------------------------------
start_gui
open_project C:/Users/240967/Desktop/DE-projekt/digital-electronics-1-project/DE1-projekt/DE1-projekt.xpr
INFO: [Project 1-313] Project file moved from 'C:/Users/240598/Documents/digital-electronics-1-project/DE1-projekt' since last save.
WARNING: [filemgmt 56-2] Default IP Output Path : Could not find the directory 'C:/Users/240967/Desktop/DE-projekt/digital-electronics-1-project/DE1-projekt/DE1-projekt.gen/sources_1', nor could it be found using path 'C:/Users/240598/Documents/digital-electronics-1-project/DE1-projekt/DE1-projekt.gen/sources_1'.
Scanning sources...
Finished scanning sources
INFO: [IP_Flow 19-234] Refreshing IP repositories
INFO: [IP_Flow 19-1704] No user IP repositories specified
INFO: [IP_Flow 19-2313] Loaded Vivado IP repository 'C:/appz/Xilinx/Vivado/2020.2/data/ip'.
